[    0.000000] Initializing cgroup subsys cpset
[    0.000000] Initializing cgroup subsy cpu
[    0.000000] Initializing cgroup subsys cpuacct
[    0.000000] Linux version 4.4.0-119-generic (buildd@lcy01-amd64-013) (gcc version 5.4.0 20160609 (Ubuntu 5.4.0-6ubuntu1~16.04.9) ) #143-Ubuntu SMP Mon Apr 2 16:08:24UT 2018 (Ubuntu 4.4.0-119.143-generi 44.114)
[    0.000000] Command line: BOOT_IMAGEboot/vmlnu-44.-119-enric oo=LABEL=cludmgrotfs rcosole=tty1 console=ttyS0
[    0.000000] KERNEL support cpus:[    00000]   Intel eninntel
[   .00000  AMD AuthenticAMD
[    0.000000]   Centaur CetaurHauls
[    0.000000] x86/fpu: xstate_offset[2]:  576, xstate_sizes[2]:  256
[    0.000000] x86/fpu: Supporting XSAVE fature 0x01: 'x87 floating point registers'
[    0.000000] x86/fpu: Supporting XSAVE feature 0x02:'SE egistes'
[    0.000000]x86/fu:Supoting XSAVE featue x0: 'AV regites'
[   .00000] x86/fpu: nabled xstate feaurs x7, context size is 832 bytes, using'sandard'format.
[    0.00000] x86/pu:Usng'lazy' FPU context switches.
[    0.000000] e82 BIOprovidephssical RAM p:
[    0.000000] BOS-e820:[mm 0x000000000000-0x000000000009fbff] usable
[    0.000000] BIOS-e820: [mem 0x000000000009fc00-0x000000000009ffff] reserved
[    0.000000] BIOS-e820: [mem 0x00000000000f0000-0x00000000000fffff] reserved
[    0.000000] BIOS-e820: [mem 00000000100000-0x000000003ffeffff] usable
[    0.000000] BIOS-e820: [mem 0x000000003ff0000x00000003fffffff] ACPI data
[    0.000000] BIOS-e820: [mem 0x00000000fec00000-0x00000000fec00fff] reserved
[    0.000000] BIOS-e820: [mem 0x00000000fee00000-0x00000000fee00fff] reserved
[   .000000] BIOS-e820: [mem 0x00000000fffc0000-0x00000000ffffffff] reserved
[    0.000000] NX (Execute Disable) protection: active
[    0.000000] SMBOS2.5 present.
   0.0000] Hypervisor detected: KVM
[    0.0000] e820: last_pfn = 0x3ff0max_arch_pfn = 0x400000
[    0.000000] MTRR: Disabled
[    0.000000] x86/PAT: MTRRs disabled, skipping PAT niiaization too
[   0.00000] CPU MRR al lank - virtualized systm.
[   0.000000] x86/PAT: Configuration [0-7] WB  WT  UC- UC  WB  WT  UC- UC  
[    0.000000] found SMP -table at [mem 0x0009fff0-0x0009ffff] mapped at [ffff88000009fff0]
[    0.000000] Sanng 1 areas for low memory corrupio
[    0.000000] RAMDISK: [mem 0x361fe000-0x370f6fff]
[    0.000000] ACPI: Erly table checksum verification disabled
[    000000]ACI:RSDP 0x00000000E0000 000024 (v02 VBOX  )
[    0.000000] ACPI: XSDT 0x000000003FFF0030 00003C (v01 VBOX   VBOXXSDT 00000001 ASL  00000061)
[    0.000000] ACPI: FACP 0x000000003FFF00F0 0000F4 (v04 VBOX   VBOXFACP 00000001 ASL  00000061)
[    0.000000] ACPI: DSDT 0x0000003FF0470 0021FF (v02 VBOX   VBOXBIOS 00000002 INTL 20100528)
[    0.00000] CP: FACS 0x000003FF020 0040
[   0.000000] ACPI: FACS 0x000000003FFF0200 000040
[    .000000] ACPI: APIC 0x000000003FFF0240 00005C (v02 VBOX   VBOXAPIC 00000001 ASL  00000061)
[    0.000000] ACPI: SSDT 0x000000003FFF02A0 0001CC (v01 VBOX   VBOXCPUT 00000002 INTL 210528)
   000000]No NMAconfiguration found
[    0.000000] Faking a node at [mem 0x0000000000000000-0x000000003ffeffff]
[    0.000000] NODE_DATA(0) allocated [mem 0x3ffeb000-0x3ffeffff]
[    0.000000] kvm-clock: Using msrs 4b564d01 and 4b564d00
[    0.000000] kvm-clock: cpu 0, msr 0:3ffe3001, primary cpu clock
[    0.0000 kvm-clock: usig ched offset of 4217136986 cycles
[    0.0000] clocksource: kv-cock: mask: 0xffffffffffffffff max_cycles: 0x1cd42e4dffb, max_idle_ns: 815051483 ns
[    0.000000] Zone rannge:
   00000]   DMA     [mem 0x00000000000010000x0000000000fffff][    0.000000]   DMA32    [mem 0x0000000001000000-0x000000003ffeffff]
[    0.000000]   Normal   empty
[    0.000000]   Device   empty
[    0.000000] Movable zone start for each node
[    0.000000] Early memory od ranges
[   0.000000]   node   0: [mem 0x0000000000001000-0x000000000009efff]
[    0.000000]   node   0: [mem 0x0000000000100000-0x000000003ffeffff]
[    0.000000] Initmem setup node 0 [mem 0x0000000000100-0x000000003fefff
    0.00000 API PM-imer O Po: 0x4008
[    0.000000] IOPI[0: aic_id 2, versin 32, address 0xfec00000, GSI 0-23
[    0.000000] ACPI: INT_SRC_OVR (bus 0 bus_irq 0 global_irq 2 dfl dfl)
[    0.00000] PI: INT_SRC_OVR (bus 0 bus_irq 9 global_irq9 ow level)
   0.000000] Using ACPI (MADT) for SP conigurtion informatin
[    0.000000] smpboot: Allowing 2 CPUs, 0 hotplug CPUs
[    0.000000] PM: Registered nosave memory: [mem 0x00000000-0x00000fff]
[    0.000000] PM: Registered nosave memory: [mem 0x0009f000-0x0009ffff]
[    0.000000] PM: Registered nosave memory: [mem 0x000a0000-0x000effff]
[    0.000000] PM: Registered nosave memory: [mem 0x000f0000-0x000fffff]
[    0.000000] e820: [mem 0x40000000-0xfebfffff] available for PCI devices
[    0.000000] Bting paravirtualized kernel on KVM
[    0.000000] clocksource: refined-jiffies: mask: 0xffffffff max_cycles: 0xffffffff, max_idle_ns: 7645519600211568 ns
[   0.000000] setup_perccpu N_CUS:512 nrcpumask_bits:512 nr_cu_id:2nrnoe_ids:1
[    .0000] PERCPU: Embedded 34 pages/pu ffff88003fc00000 s99544 r8192 d31528 u1048576
[    0.000000] PV qspinlock hash table entries: 256 (order: 0, 4096 bytes)
[    0.000000] Built 1 zonelists in Node order, mobility grouping on.  Total pages: 257912
[    0000000] Policy zone: DMA32
[    0.000000] Kernel command line: BOOT_IMAGE=/boot/vmlinuz-4.4.0-119-generic root=LABEL=cloudimg-rootfs ro console=tty1 console=ttyS0
[    0.000000] PID hash table entries: 4096 (order: 3, 32768 bytes)
[    0.000000] Memory: 997192K/1048120K available (8532K kernel code, 1313K rwdata, 3996K rodata, 1508K init, 1316K bss, 50928K reserved, 0K cma-reserved)
[    0.000000] SLUB: HWalign=64, Order=0-3, MinObjects=0, CPUs=2, Nodes=1
[    0.000000] Kernel/User page tables isolation: enabled
[    0.000000] Hierarchical RCU implementation.
[    0.000000] 	Build-time adjustment of leaf fanout to 64.
[    0.000000] 	RCU restricting CPUs from NR_CPUS=512 to nr_cpu_ids=2.
[    0.000000] RCU: Adjusting geometry for rcu_fanout_leaf=64, nr_cpu_ids=2
[    0.000000] NR_IRQS:33024 nr_irqs:440 16
[    0.000000] Console: colour VGA+ 80x25
[    0.000000] console [tty1] enabled
[    0.000000] console [ttyS0] enabled
[    0.000000] tsc: Deected 2899.998 MHz processor
[    4.814698] Calibrating delay loop (skipped) preset value.. 5799.99 BogoMIPS (lpj=11599992)
[    4.817574] pid_max: default: 32768 minimum: 01
[   44.830825] ACPI: Core revision 20150930
[    4.847240] ACPI: 2 ACPI AML tables successfully acquired and loaded
[    4.849470] Security Framework initialized
[    4.850927] Yama: becoming mindful.
[    4.852184] AppArmor: AppArmor initialized
[    4.862249] Dentry cache hash table entries: 131072 (order: 8, 1048576 bytes)
[    4.880780] Inode-cache hash table entries: 65536 (order: 7, 524288 bytes)
[    4.887924] Mount-cache hash table entries: 2048 (order: 2, 16384 bytes)
[    4.890122] Mountpoint-cache hash table entries: 2048 (order: 2, 16384 bytes)
[    4.892534] Initializing cgroup subsys io
[    4.894089] Initializing cgroup subsys memory
[    4.910886] Initializing cgroup subsys devices
[    4.912403] Initializing cgroup subsys freezer
[    4.924368] Initializing cgroup subsys net_cls
[    4.925883] Initializing cgroup subsys perf_event
[    4.934135] Initializing cgroup subsys net_prio
[    4.935679] Initializing cgroup subsys hugetlb
[    4.937192] Initializing cgroup subsys pids
[    4.938646] CPU: Physical Processor ID: 0
[    4.943349] CPU: Processor Core ID: 0
[    4.944708] FEATURE SPEC_CTRL Not Present
[    4.946991] mce: CPU supports 0 MCE banks
[    4.948399] Last level iTLB entries: 4KB 64, 2MB 8, 4MB 8
[    4.955057] Last level dTLB entries: 4KB 64, 2MB 0, 4MB 0, 1GB 4
[    4.957027] Spectre V2 mitigation: Mitigation: Full generic retpoline
[    4.959148] Spectre V2 mitigation: Speculation control IBPB not-supported IBRS not-supported
[    4.963540] Freeing SMP alternatives memory: 32K
[    4.972542] ftrace: allocating 32195 entries in 126 pages
[    5.036956] smpboot: APIC(0) Converting physical 0 to logical package 0
[    5.067845] smpboot: Max logical packages: 1
[    5.080782] x2apic enabled
[    5.123760] Switched APIC routing to physical x2apic.
[    5.149872] ..TIMER: vector=0x30 apic1=0 pin1=2 apic2=-1 pin2=-1
[    5.270519] smpboot: CPU0: Intel(R) Core(TM) i5-5287U CPU @ 2.90GHz (family: 0x6, model: 0x3d, stepping: 0x4)
[    5.279532] Performance Events: unsupported p6 CPU model 61 no PMU driver, software events only.
[    5.282736] KVM setup paravirtual spinlock
[    5.290274] x86: Booting SMP configuration:
[    5.291780] .... node  #0, CPUs:      #1
[    5.300544] kvm-clock: cpu 1, msr 0:3ffe3041, secondary cpu clock
[    5.303303] mce: CPU supports 0 MCE banks
[    5.306401] x86: Booted up 1 node, 2 CPUs
[    5.311739] smpboot: Total of 2 processors activated (11599.99 BogoMIPS)
[    5.314348] devtmpfs: initialized
[    5.325064] evm: security.selinux
[    5.331641] evm: security.SMACK64
[    5.336295] evm: security.SMACK64EXEC
[    5.337771] evm: security.SMACK64TRANSMUTE
[    5.339376] evm: security.SMACK64MMAP
[    5.340705] evm: security.ima
[    5.341795] evm: security.capability
[    5.343435] clocksource: jiffies: mask: 0xffffffff max_cycles: 0xffffffff, max_idle_ns: 7645041785100000 ns
[    5.347199] futex hash table entries: 512 (order: 3, 32768 bytes)
[    5.349670] pinctrl core: initialized pinctrl subsystem
[    5.351944] RTC time: 15:09:00, date: 04/23/18
[    5.354004] NET: Registered protocol family 16
[    5.371170] cpuidle: using governor ladder
[    5.387234] cpuidle: using governor menu
[    5.389257] PCCT header not found.
[    5.391458] ACPI: bus type PCI registered
[    5.407485] acpiphp: ACPI Hot Plug PCI Controller Driver version: 0.5
[    5.409972] PCI: Using configuration type 1 for base access
[    5.423509] ACPI: Added _OSI(Module Device)
[    5.431659] ACPI: Added _OSI(Processor Device)
[    5.453526] ACPI: Added _OSI(3.0 _SCP Extensions)
[    5.464193] ACPI: Added _OSI(Processor Aggregator Device)
[    5.488419] ACPI: Executed 1 blocks of module-level executable AML code
[    5.495172] ACPI: Interpreter enabled
[    5.515825] ACPI: (supports S0 S5)
[    5.517042] ACPI: Using IOAPIC for interrupt routing
[    5.529039] PCI: Using host bridge windows from ACPI; if necessary, use "pci=nocrs" and report a bug
[    5.547597] ACPI: PCI Root Bridge [PCI0] (domain 0000 [bus 00-ff])
[    5.555688] acpi PNP0A03:00: _OSC: OS supports [ASPM ClockPM Segments MSI]
[    5.557935] acpi PNP0A03:00: _OSC: not requesting OS control; OS requires [ExtendedConfig ASPM ClockPM MSI]
[    5.561228] acpi PNP0A03:00: fail to add MMCONFIG information, can't access extended PCI configuration space under this bridge.
[    5.581061] PCI host bridge to bus 0000:00
[    5.582489] pci_bus 0000:00: root bus resource [io  0x0000-0x0cf7 window]
[    5.588684] pci_bus 0000:00: root bus resource [io  0x0d00-0xffff window]
[    5.590873] pci_bus 0000:00: root bus resource [mem 0x000a0000-0x000bffff window]
[    5.600376] pci_bus 0000:00: root bus resource [mem 0x40000000-0xfdffffff window]
[    5.603023] pci_bus 0000:00: root bus resource [bus 00-ff]
[    5.618497] pci 0000:00:01.1: legacy IDE quirk: reg 0x10: [io  0x01f0-0x01f7]
[    5.620853] pci 0000:00:01.1: legacy IDE quirk: reg 0x14: [io  0x03f6]
[    5.628674] pci 0000:00:01.1: legacy IDE quirk: reg 0x18: [io  0x0170-0x0177]
[    5.640034] pci 0000:00:01.1: legacy IDE quirk: reg 0x1c: [io  0x0376]
[    5.677780] pci 0000:00:07.0: quirk: [io  0x4000-0x403f] claimed by PIIX4 ACPI
[    5.696662] pci 0000:00:07.0: quirk: [io  0x4100-0x410f] claimed by PIIX4 SMB
[    5.706379] ACPI: PCI Interrupt Link [LNKA] (IRQs 5 9 10 *11)
[    5.715468] ACPI: PCI Interrupt Link [LNKB] (IRQs 5 9 *10 11)
[    5.717901] ACPI: PCI Interrupt Link [LNKC] (IRQs 5 *9 10 11)
[    5.723976] ACPI: PCI Interrupt Link [LNKD] (IRQs 5 9 10 *11)
[    5.735894] ACPI: Enabled 2 GPEs in block 00 to 07
[    5.738018] vgaarb: setting as boot device: PCI:0000:00:02.0
[    5.754518] vgaarb: device added: PCI:0000:00:02.0,decodes=io+mem,owns=io+mem,locks=none
[    5.757324] vgaarb: loaded
[    5.758344] vgaarb: bridge control possible 0000:00:02.0
[    5.761470] SCSI subsystem initialized
[    5.774234] ACPI: bus type USB registered
[    5.779669] usbcore: registered new interface driver usbfs
[    5.781498] usbcore: registered new interface driver hub
[    5.783435] usbcore: registered new device driver usb
[    5.788245] PCI: Using ACPI for IRQ routing
[    5.791344] NetLabel: Initializing
[    5.808128] NetLabel:  domain hash size = 128
[    5.809841] NetLabel:  protocols = UNLABELED CIPSOv4
[    5.826255] NetLabel:  unlabeled traffic allowed by default
[    5.834190] amd_nb: Cannot enumerate AMD northbridges
[    5.863754] clocksource: Switched to clocksource kvm-clock
[    5.884082] AppArmor: AppArmor Filesystem Enabled
[    5.889800] pnp: PnP ACPI init
[   .876] np: P ACPI: foud  dvies

[   .2844]clckourc: cp_p: mk: 0ffff mx_yces: 0xffffff, max_idle_ns: 2085701024 ns
[    6.744462] NET: Registered protocol family 2

[    6.746122] TCP established hash table entries: 8192 (order: 4, 65536 bytes)
[    6.776778] TCP bind hash table entries: 8192 (order: 5, 131072 bytes)
[    6.778915] TCP: Hash tables configured (estabished 8192 bind 8192)
[    6.804520] UDP hash table entries: 512 (order: 2, 16384 bytes)
[    6.806473] UDP-Lite hash table entries 52 orer 2, 16384 bytes)
[    6.924970] NET: Registered protocol family 1
[    6.926514] pci 0000:00:00.0: Limiting direct PCI/PCI transfers
[    6.928517] pci 0000:00:01.0: Activating ISA DMA hang workarounds
[    6.930683] Unpacking initramfs...

[    7.183398] Freeing initrd memory: 15332K
[    7.200082] RAPL PMU detected, API unit is 2^-32 Joules, 4 fixed counters 10737418240 ms ovfl timer
[    7.211515] hw unit of domain pp0-core 2^-0 Joules
[    7.218977] hw unit of domain package 2^-0 Joules
[    7.221976] hw unit of domain dram 2^-0 Joules
[    7.225969] hw unit of domain pp1-gpu 2^-0 Joules
[    7.227646] platform rtc_cmos: registered platform RTC device (no PNP device found)
[    7.230400] Scanning for low memory corruption every 60 seconds
[    7.253552] audit: initializing netlink subsys (disabled)
[    7.296955] audit: type=2000 audit(1524496143.269:1): initialized
[    7.377234] Initialise system trusted keyring
[    7.401910] HugeTLB registered 2 MB page size, pre-allocated 0 pages
[    7.435800] zbud: loaded
[    7.437183] VFS: Disk quotas dquot_6.6.0
[    7.438666] VFS: Dquot-cache hash table entries: 512 (order 0, 4096 bytes)
[    7.446963] squashfs: version 4.0 (2009/01/31) Phillip Lougher
[    7.449262] fuse init (API version 7.23)
[   .451262] Ky yp bg_eyreisered
[    7.700389] AlloatngIMA MOK and blacklist keyrings.
[    7.777333] Key type asymmetric registered
[    7.785810] Asymmetric key parser 'x509' registered
[    7.810313] Block layer SCSI generic (bsg) driver version 0.4 loaded (major 249)
[    7.817143] io scheduler noop registered
[    7.852628] io scheduler deadline registered (default)
[    7.855533] io scheduler cfq registered
[   .8708]pc_htplug: PCI Hot Plug PCI Cor vrson 0
   8.172182] pciehp: PCIExres otPlg Controller Driver version: 0.4

[    8.224628] tc:Refined TSC clocksource calibration: 2899.953 MHz

[    8.224631] clocksouce tc: ask 0fffffffffff ax_cycles: 0x29cd168a02 max_idle_ns:4479280793 ns

[    8.89132 API A Adapter C] of-lne)

[    9.134519] input: Power Button as /devices/LNXSYSTM:00/LNXPWRBN:00/input/input0
[    9.138278] ACPI: Power Button [PWRF]
[    93964] input: Sleep Button as /devices/LNXSYSTM:00/LNXSLPBN:00/input/input1
[    9.226896] ACPI: Sleep Button [SLPF]
[    9.228524] GHES: HEST is not enabled!
[    9.230063] ACPI: Battery Slot [BAT0] (battery present)
[    9.250217] Serial: 8250/16550 driver, 32 ports, IRQ sharing enabled
[    9.292059] 00:02: ttyS0 at I/O 0x3f8 (irq = 4, base_baud = 115200) is a 16550A
[    9.308610] Linux agpgart interface v0.103
[    9.334796] loop: module loaded
[    9.342045] scsi host0: ata_piix
[    9.3537 ssihot1 aa_iix
[   .5903]at1: PATA max UDMA/33 cmd 0x1f0 ctl 0x3f6 bmdma 0xd000 irq 14
[    9.77743 a2:PAA ax UDMA/33 c 017 cl x3 bmdma 0xd008 ir 1
[   0.177862] libphy: Fixed MDIO Bus: probd
[   10.278607] tun: Universal TUN/TAP device driver, 1.6
[  10.86334] tun: (C) 1999-2004 Max Krasnyansky <maxk@qualcomm.com>
[   10.344875] PPP generic driver version 2.4.2
[   10.354438] ehci_hcd: USB 2.0 'Enhanced' Host Controller (EHCI) Driver
[   10.356599] ehci-pci: EHCI PCI platform driver
[   10.358247] ehci-platform: EHCI generic platform driver
[   10.367161] ohci_hcd: USB 1.1 'Open' Host Controller (OHCI) Driver
[   10.383902] ohci-pci: OHCI PCI platform driver
[   10.404240] ohci-platform: OHCI generic platform driver
[   10.405995] uhci_hcd: USB Universal Host Controller Interface driver
[   10.415615] i8042: PNP: PS/2 Controller [PNP0303:PS2K,PNP0f03:PS2M] at 0x60,0x64 irq 1,12
[   10.422244] serio: i8042 KBD port at 0x60,0x64 irq 1
[   10.431894] serio: i8042 AUX port at 0x60,0x64 irq 12
[   10.435564] mousedev: PS/2 mouse device common for all mice
[   10.438045] rtc_cmos rtc_cmos: rtc core: registered rtc_cmos as rtc0
[   10.453768] input: AT Translated Set 2 keyboard as /devices/platform/i8042/serio0/input/input2
[   10.478398] rtc_cmos rtc_cmos: alarms up to one day, 114 bytes nvram
[   10.485682] i2c /dev entries driver
[   10.487002] device-mapper: uevent: version 1.0.3
[   10.504557] device-mapper: ioctl: 4.34.0-ioctl (2015-10-28) initialised: dm-devel@redhat.com
[   10.515904] ledtrig-cpu: registered to indicate activity on CPUs
[   10.571405] NET: Registered protocol family 10
[   10.581494] NET: Registered protocol family 17
[   10.584939] Key type dns_resolver registered
[   10.586630] registered taskstats version 1
[   10.588075] Loading compiled-in X.509 certificates
[   10.598944] Loaded X.509 cert 'Build time autogenerated kernel key: f854e06633b5f496ced5b2e02c7b14f761b69302'
[   10.612261] zswap: loaded using pool lzo/zbud
[   10.619048] Key type trusted registered
[   10.628679] Key type encrypted registered
[   10.640053] AppArmor: AppArmor sha1 policy hashing enabled
[   10.641902] ima: No TPM chip found, activating TPM-bypass!
[   10.665397] evm: HMAC attrs: 0x1
[   10.667029]   Magic number: 14:921:184
[   10.668456] rtc_cmos rtc_cmos: setting system clock to 2018-04-23 15:09:05 UTC (1524496145)
[   10.694352] BIOS EDD facility v0.16 2004-Jun-25, 0 devices found
[   10.702604] EDD information not available.
[   10.715043] Freeing unused kernel memory: 1508K
[   10.716709] Write protecting the kernel read-only data: 14336k
[   10.719551] Freeing unused kernel memory: 1696K
[   10.757753] Freeing unused kernel memory: 100K
Loading, please wait...
starting version[   10.811674] random: systemd-udevd: uninitialized urandom read (16 bytes read, 3 bits of entropy available)
 229
[   10.889810] random: systemd-udevd: uninitialized urandom read (16 bytes read, 3 bits of entropy available)
[   10.890969] random: udevadm: uninitialized urandom read (16 bytes read, 3 bits of entropy available)
[   10.891005] random: udevadm: uninitialized urandom read (16 bytes read, 3 bits of entropy available)
[   10.915635] random: udevadm: uninitialized urandom read (16 bytes read, 3 bits of entropy available)
[   10.915699] random: udevadm: uninitialized urandom read (16 bytes read, 3 bits of entropy available)
[   10.916066] random: udevadm: uninitialized urandom read (16 bytes read, 3 bits of entropy available)
[   10.916145] random: udevadm: uninitialized urandom read (16 bytes read, 3 bits of entropy available)
[   10.916210] random: udevadm: uninitialized urandom read (16 bytes read, 3 bits of entropy available)
[   10.916273] random: udevadm: uninitialized urandom read (16 bytes read, 3 bits of entropy available)
[   11.658859] Fusion MPT base driver 3.04.20
[   11.768299] Copyright (c) 1999-2008 LSI Corporation
[   11.921222] AVX2 version of gcm_enc/dec engaged.
[   11.943925] AES CTR mode by8 optimization enabled
[   11.973459] Fusion MPT SPI Host driver 3.04.20
[   11.974423] e1000: Intel(R) PRO/1000 Network Driver - version 7.3.21-k8-NAPI
[   11.974424] e1000: Copyright (c) 1999-2006 Intel Corporation.
[   12.112214] input: ImExPS/2 Generic Explorer Mouse as /devices/platform/i8042/serio1/input/input4
[   12.726479] e1000 0000:00:03.0 eth0: (PCI:33MHz:32-bit) 02:17:54:81:c3:1e
[   12.744948] e1000 0000:00:03.0 eth0: Intel(R) PRO/1000 Network Connection
[   12.756993] e1000 0000:00:03.0 enp0s3: renamed from eth0
[   12.767143] mptbase: ioc0: Initiating bringup
[   12.848429] ioc0: LSI53C1030 A0: Capabilities={Initiator}
[   13.034740] scsi host2: ioc0: LSI53C1030 A0, FwRev=00000000h, Ports=1, MaxQ=256, IRQ=20
[   13.192708] scsi 2:0:0:0: Direct-Access     VBOX     HARDDISK         1.0  PQ: 0 ANSI: 5
[   13.201735] scsi target2:0:0: Beginning Domain Validation
[   13.208049] scsi target2:0:0: Domain Validation skipping write tests
[   13.229720] scsi target2:0:0: Ending Domain Validation
[   13.282544] scsi target2:0:0: asynchronous
[   13.330892] scsi 2:0:1:0: Direct-Access     VBOX     HARDDISK         1.0  PQ: 0 ANSI: 5
[   13.414821] scsi target2:0:1: Beginning Domain Validation
[   13.441375] scsi target2:0:1: Domain Validation skipping write tests
[   13.464850] scsi target2:0:1: Ending Domain Validation
[   13.470801] scsi target2:0:1: asynchronous
[   13.489744] sd 2:0:0:0: Attached scsi generic sg0 type 0
[   13.515828] sd 2:0:0:0: [sda] 20971520 512-byte logical blocks: (10.7 GB/10.0 GiB)
[   13.516193] sd 2:0:1:0: Attached scsi generic sg1 type 0
[   13.592466] sd 2:0:1:0: [sdb] 20480 512-byte logical blocks: (10.5 MB/10.0 MiB)
[   13.592607] sd 2:0:0:0: [sda] Write Protect is off
[   13.592842] sd 2:0:0:0: [sda] Incomplete mode parameter data
[   13.592844] sd 2:0:0:0: [sda] Assuming drive cache: write through
[   13.659128]  sda: sda1
[   13.684929] sd 2:0:1:0: [sdb] Write Protect is off
[   13.685245] sd 2:0:0:0: [sda] Attached SCSI disk
[   13.703050] sd 2:0:1:0: [sdb] Incomplete mode parameter data
[   13.734297] sd 2:0:1:0: [sdb] Assuming drive cache: write through
[   13.753296] sd 2:0:1:0: [sdb] Attached SCSI disk
[   14.923943] floppy0: no floppy controllers found
Begin: Loading essential drivers[   16.571662] md: linear personality registered for level -1
 ... [   16.584900] md: multipath personality registered for level -4
[   16.601339] md: raid0 personality registered for level 0
[   16.608337] md: raid1 personality registered for level 1
[   16.680030] raid6: sse2x1   gen() 10353 MB/s
[   16.751972] raid6: sse2x1   xor()  7763 MB/s
[   16.824303] raid6: sse2x2   gen() 10590 MB/s
[   16.907985] raid6: sse2x2   xor()  3802 MB/s
[   16.987953] raid6: sse2x4   gen() 12851 MB/s
[   17.071953] raid6: sse2x4   xor() 10375 MB/s
[   17.151914] raid6: avx2x1   gen() 19665 MB/s
[   17.220111] raid6: avx2x2   gen() 23267 MB/s
[   17.299987] raid6: avx2x4   gen() 25397 MB/s
[   17.306036] raid6: using algorithm avx2x4 gen() 25397 MB/s
[   17.321290] raid6: using avx2x2 recovery algorithm
[   17.330033] xor: automatically using best checksumming function:
[   17.415888]    avx       : 50914.000 MB/sec
[   17.440743] async_tx: api initialized (async)
[   17.483464] md: raid6 personality registered for level 6
[   17.516473] md: raid5 personality registered for level 5
[   17.525050] md: raid4 personality registered for level 4
[   17.542412] md: raid10 personality registered for level 10
done.
Begin: Running /scripts/init-premount ... done.
Begin: Mounting root file system ... Begin: Running /scripts/local-top ... done.
Begin: Running /scripts/local-premount ... [   17.633172] Btrfs loaded
Scanning for Btrfs filesystems
done.
Warning: fsck no[   17.718044] EXT4-fs (sda1): mounted filesystem with ordered data mode. Opts: (null)
t present, so skipping root file system
done.
Begin: Running /scripts/local-bottom ... done.
Begin: Running /scripts/init-bottom ... done.
[   17.942739] systemd[1]: systemd 229 running in system mode. (+PAM +AUDIT +SELINUX +IMA +APPARMOR +SMACK +SYSVINIT +UTMP +LIBCRYPTSETUP +GCRYPT +GNUTLS +ACL +XZ -LZ4 +SECCOMP +BLKID +ELFUTILS +KMOD -IDN)
[   17.969747] systemd[1]: Detected virtualization oracle.
[   17.993840] systemd[1]: Detected architecture x86-64.

Welcome to [1mUbuntu 16.04.4 LTS[0m!

[   18.020945] systemd[1]: Set hostname to <ubuntu-xenial>.
[   18.320379] systemd[1]: Set up automount Arbitrary Executable File Formats File System Automount Point.
[[0;32m  OK  [0m] Set up automount Arbitrary Executab...ats File System Automount Point.
[   18.391462] systemd[1]: Listening on Syslog Socket.
[[0;32m  OK  [0m] Listening on Syslog Socket.
[   18.418508] systemd[1]: Listening on Journal Socket.
[[0;32m  OK  [0m] Listening on Journal Socket.
[   18.476801] systemd[1]: Reached target Swap.
[[0;32m  OK  [0m] Reached target Swap.
[   18.508442] systemd[1]: Listening on udev Control Socket.
[[0;32m  OK  [0m] Listening on udev Control Socket.
[   18.559500] systemd[1]: Created slice User and Session Slice.
[[0;32m  OK  [0m] Created slice User and Session Slice.
[   18.604219] systemd[1]: Listening on /dev/initctl Compatibility Named Pipe.
[[0;32m  OK  [0m] Listening on /dev/initctl Compatibility Named Pipe.
[   18.680697] systemd[1]: Created slice System Slice.
[[0;32m  OK  [0m] Created slice System Slice.
[   18.703992] systemd[1]: Reached target Slices.
[[0;32m  OK  [0m] Reached target Slices.
[   18.736541] systemd[1]: Created slice system-serial\x2dgetty.slice.
[[0;32m  OK  [0m] Created slice system-serial\x2dgetty.slice.
[   18.828471] systemd[1]: Starting Uncomplicated firewall...
         Starting Uncomplicated firewall...
[   18.850744] systemd[1]: Starting Nameserver information manager...
         Starting Nameserver information manager...
[   18.872498] systemd[1]: Mounting Debug File System...
         Mounting Debug File System...
[   18.927886] systemd[1]: Starting Set console keymap...
[   18.928767] random: nonblocking pool is initialized
         Starting Set console keymap...
[   19.043969] systemd[1]: Starting Remount Root and Kernel File Systems...
[   19.048532] EXT4-fs (sda1): re-mounted. Opts: (null)
         Starting Remount Root and Kernel File Systems...
[   19.117421] systemd[1]: Starting Load Kernel Modules...
[   19.197538] Loading iSCSI transport class v2.0-870.
         Starting Load Kernel Modules...
[   20.458187] systemd[1]: Reached target System Time Synchronized.
[[0;32m  OK  [[   20.478566] iscsi: registered transport (tcp)
0m] Reached target System Time Synchronized.
[   20.512171] systemd[1]: Listening on udev Kernel Socket.
[[0;32m  OK  [0m] Listening on udev Kernel Socket.
[   20.537027] systemd[1]: Listening on Journal Audit Socket.
[[0;32m  OK  [0m] Listening on Journal Audit Socket.
[   20.575688] iscsi: registered transport (iser)
[   20.597969] systemd[1]: Mounting POSIX Message Queue File System...
         Mounting POSIX Message Queue File System...
[   20.648877] systemd[1]: Mounting Huge Pages File System...
         Mounting Huge Pages File System...
[   20.704159] systemd[1]: Started Forward Password Requests to Wall Directory Watch.
[[0;32m  OK  [0m] Started Forward Password Requests to Wall Directory Watch.
[   20.768488] systemd[1]: Starting Create list of required static device nodes for the current kernel...
         Starting Create list of required st... nodes for the current kernel...
[   20.816130] systemd[1]: Listening on LVM2 poll daemon socket.
[[0;32m  OK  [0m] Listening on LVM2 poll daemon socket.
[   20.876380] systemd[1]: Listening on LVM2 metadata daemon socket.
[[0;32m  OK  [0m] Listening on LVM2 metadata daemon socket.
[   20.886777] systemd[1]: Reached target User and Group Name Lookups.
[[0;32m  OK  [0m] Reached target User and Group Name Lookups.
[   20.951941] systemd[1]: Listening on Journal Socket (/dev/log).
[[0;32m  OK  [0m] Listening on Journal Socket (/dev/log).
[   21.020427] systemd[1]: Starting Journal Service...
         Starting Journal Service...
[   21.057695] systemd[1]: Reached target Encrypted Volumes.
[[0;32m  OK  [0m] Reached target Encrypted Volumes.
[   21.089527] systemd[1]: Started Trigger resolvconf update for networkd DNS.
[[0;32m  OK  [0m] Started Trigger resolvconf update for networkd DNS.
[   21.161033] systemd[1]: Listening on Device-mapper event daemon FIFOs.
[[0;32m  OK  [0m] Listening on Device-mapper event daemon FIFOs.
[   21.208436] systemd[1]: Starting Monitoring of LVM2 mirrors, snapshots etc. using dmeventd or progress polling...
         Starting Monitoring of LVM2 mirrors... dmeventd or progress polling...
[   21.264767] systemd[1]: Mounted Huge Pages File System.
[[0;32m  OK  [0m] Mounted Huge Pages File System.
[   21.361133] systemd[1]: Mounted Debug File System.
[[0;32m  OK  [0m] Mounted Debug File System.
[   21.392225] systemd[1]: Mounted POSIX Message Queue File System.
[[0;32m  OK  [0m] Mounted POSIX Message Queue File System.
[   21.432273] systemd[1]: Started Journal Service.
[[0;32m  OK  [0m] Started Journal Service.
[[0;32m  OK  [0m] Started Uncomplicated firewall.
[[0;32m  OK  [0m] Started Set console keymap.
[[0;32m  OK  [0m] Started Remount Root and Kernel File Systems.
[[0;32m  OK  [0m] Started Load Kernel Modules.
[[0;32m  OK  [0m] Started Create list of required sta...ce nodes for the current kernel.
[[0;32m  OK  [0m] Started Nameserver information manager.
[[0;32m  OK  [0m] Started LVM2 metadata daemon.
         Starting Create Static Device Nodes in /dev...
         Starting Apply Kernel Variables...
         Mounting FUSE Control File System...
         Starting Load/Save Random Seed...
         Starting udev Coldplug all Devices...
         Starting Initial cloud-init job (pre-networking)...
         Starting Flush Journal to Persistent Storage...
[[0;32m  OK  [0m] Mounted FUSE Control File System.
[[0;32m  OK  [0m] Started Monitoring of LVM2 mirrors,...ng dmeventd or progress polling.
[[0;32m  OK  [0m] Started Create Static Device Nodes in /dev.
[[0;32m  OK  [0m] Started Apply Kernel Variables.
[[0;32m  OK  [0m] Started Load/Save Random Seed.
[[0;32m  OK  [0m] Started udev Coldplug all Devices.
[[0;32m  OK  [0m] Started Flush Journal to Persistent Storage.
         Starting udev Kernel Device Manager...
[[0;32m  OK  [0m] Started udev Kernel Device Manager.
[[0;32m  OK  [0m] Reached target Local File Systems (Pre).
[[0;32m  OK  [0m] Reached target Local File Systems.
         Starting LSB: AppArmor initialization...
         Starting Tell Plymouth To Write Out Runtime Data...
         Starting Set console font and keymap...
         Starting Create Volatile Files and Directories...
[[0;32m  OK  [0m] Started Dispatch Password Requests to Console Directory Watch.
[[0;32m  OK  [0m] Started Tell Plymouth To Write Out Runtime Data.
[[0;32m  OK  [0m] Started Create Volatile Files and Directories.
[[0;32m  OK  [0m] Found device /dev/ttyS0.
         Starting Update UTMP about System Boot/Shutdown...
[[0;32m  OK  [0m] Started LSB: AppArmor initialization.
[[0;32m  OK  [0m] Started Update UTMP about System Boot/Shutdown.
[[0;32m  OK  [0m] Listening on Load/Save RF Kill Switch Status /dev/rfkill Watch.
[[0;32m  OK  [0m] Started Set console font and keymap.
[[0;32m  OK  [0m] Found device 82540EM Gigabit Ethern...r (PRO/1000 MT Desktop Adapter).
[[0;32m  OK  [0m] Created slice system-getty.slice.
[   18.737512] cloud-init[468]: Cloud-init v. 18.2 running 'init-local' at Mon, 23 Apr 2018 15:09:18 +0000. Up 18.13 seconds.
[[0;32m  OK  [0m] Started Initial cloud-init job (pre-networking).
[[0;32m  OK  [0m] Reached target Network (Pre).
         Starting Raise network interfaces...
[[0;32m  OK  [0m] Started ifup for enp0s3.
[[0;32m  OK  [0m] Started Raise network interfaces.
[[0;32m  OK  [0m] Reached target Network.
         Starting Initial cloud-init job (metadata service crawler)...
[   21.487176] cloud-init[957]: Cloud-init v. 18.2 running 'init' at Mon, 23 Apr 2018 15:09:21 +0000. Up 20.90 seconds.
[   21.506891] cloud-init[957]: ci-info: +++++++++++++++++++++++++++++++++++++Net device info++++++++++++++++++++++++++++++++++++++
[[0;32m  OK  [0m] Started Initial cloud-init job (metadata service crawler).
[   21.608530] cloud-init[957]: ci-info: +--------+------+----------------------------+---------------+-------+-------------------+
[   21.760682] cloud-init[957]: ci-info: | Device |  Up  |          Address           |      Mask     | Scope |     Hw-Address    |
[   21.822871] cloud-init[957]: ci-info: +--------+------+----------------------------+---------------+-------+-------------------+
[[0;32m  OK  [0m] Reached target System Initialization.
[   21.974395] cloud-init[957]: ci-info: | enp0s3 | True |         10.0.2.15          | 255.255.255.0 |   .   | 02:17:54:81:c3:1e |
[   22.300623] cloud-init[957]: ci-info: | enp0s3 | True | fe80::17:54ff:fe81:c31e/64 |       .       |  link | 02:17:54:81:c3:1e |
[[0;32m  OK  [0m] [   22.392690] Started Daily apt download activities.cloud-init
[957]: ci-info: |   lo   | True |         127.0.0.1          |   255.0.0.0   |   .   |         .         |
[   22.393642] cloud-init[957]: ci-info: |   lo   | True |          ::1/128           |       .       |  host |         .         |
[[0;32m  OK  [0m[   22.576858] ] cloud-initStarted ACPI Events Check.[957]: ci-info: +--------+------+----------------------------+---------------+-------+-------------------+

[   22.578786] cloud-init[957]: ci-info: +++++++++++++++++++++++++++Route IPv4 info++++++++++++++++++++++++++++
[   22.703351] cloud-init[957]: ci-info: +-------+-------------+----------+---------------+-----------+-------+
[[0;32m  OK  [0m] Reached target Paths.
[   22.704045] cloud-init[957]: ci-info: | Route | Destination | Gateway  |    Genmask    | Interface | Flags |
[[0;32m  OK  [0m] Listening on ACPID Listen Socket.
[   23.078015] cloud-init[957]: ci-info: +-------+-------------+----------+---------------+-----------+-------+
[   23.292784] cloud-init[957]: ci-info: |   0   |   0.0.0.0   | 10.0.2.2 |    0.0.0.0    |   enp0s3  |   UG  |
         Starting Socket activation for snappy daemon.
[   23.293837] cloud-init[957]: ci-info: |   1   |   10.0.2.0  | 0.0.0.0  | 255.255.255.0 |   enp0s3  |   U   |
[   23.497530] cloud-init[957]: ci-info: +-------+-------------+----------+---------------+-----------+-------+
         Starting LXD - unix socket.
[[0;32m  OK  [0m] Started Daily Cleanup of Temporary Directories.
[[0;32m  OK  [0m] Started Daily apt upgrade and clean activities.
[[0;32m  OK  [0m] Reached target Timers.
[[0;32m  OK  [0m] Listening on D-Bus System Message Bus Socket.
[[0;32m  OK  [0m] Listening on UUID daemon activation socket.
[[0;32m  OK  [0m] Reached target Network is Online.
         Starting iSCSI initiator daemon (iscsid)...
[[0;32m  OK  [0m] Reached target Cloud-config availability.
[[0;32m  OK  [0m] Listening on Socket activation for snappy daemon.
[[0;32m  OK  [0m] Listening on LXD - unix socket.
[[0;32m  OK  [0m] Started iSCSI initiator daemon (iscsid).
         Starting Login to default iSCSI targets...
[[0;32m  OK  [0m] Reached target Sockets.
[[0;32m  OK  [0m] Reached target Basic System.
[[0;32m  OK  [0m] Started Regular background program processing daemon.
[[0;32m  OK  [0m] Started Unattended Upgrades Shutdown.
         Starting Apply the settings specified in cloud-config...
         Starting LXD - container startup/shutdown...
[[0;32m  OK  [0m] Started ACPI event daemon.
         Starting /etc/rc.local Compatibility...
         Starting LSB: MD monitoring daemon...
         Starting Accounts Service...
[[0;32m  OK  [0m] Started FUSE filesystem for LXC.
         Starting OpenBSD Secure Shell server...
         Starting Login Service...
[[0;32m  OK  [0m] Started Deferred execution scheduler.
         Starting LSB: Record successful boot for GRUB...
         Starting System Logging Service...
         Starting Snappy daemon...
         Starting Virtualbox guest utils...
[[0;32m  OK  [0m] Started D-Bus System Message Bus.
[[0;32m  OK  [0m] Started OpenBSD Secure Shell server.
[[0;32m  OK  [0m] Started System Logging Service.
[[0;32m  OK  [0m] Started LXD - container startup/shutdown.
[[0;32m  OK  [0m] Started /etc/rc.local Compatibility.
[[0;32m  OK  [0m] Started Snappy daemon.
[[0;32m  OK  [0m] Started Login to default iSCSI targets.
[[0;32m  OK  [0m] Started LSB: MD monitoring daemon.
[[0;32m  OK  [0m] Started LSB: Record successful boot for GRUB.
[[0;32m  OK  [0m] Started Login Service.
         Starting Authenticate and Authorize Users to Run Privileged Tasks...
[[0;32m  OK  [0m] Reached target Remote File Systems (Pre).
[[0;32m  OK  [0m] Reached target Remote File Systems.
         Starting LSB: automatic crash report generation...
         Starting Permit User Sessions...
         Starting LSB: daemon to balance interrupts for SMP systems...
         Starting LSB: Set the CPU Frequency Scaling governor to "ondemand"...
[[0;32m  OK  [0m] Started Virtualbox guest utils.
[[0;32m  OK  [0m] Started Permit User Sessions.
[[0;32m  OK  [0m] Started Authenticate and Authorize Users to Run Privileged Tasks.
[[   25.328214] cloud-init[1018]: Cloud-init v. 18.2 running 'modules:config' at Mon, 23 Apr 2018 15:09:25 +0000. Up 25.00 seconds.
[0;32m  OK  [0m] Started Apply the settings specified in cloud-config.
[[0;32m  OK  [0m] Started Accounts Service.
[[0;32m  OK  [0m] Started LSB: automatic crash report generation.
[[0;32m  OK  [0m] Created slice User Slice of vagrant.
[[0;32m  OK  [0m] Started Session 1 of user vagrant.
         Starting User Manager for UID 1000...
         Starting Terminate Plymouth Boot Screen...
         Starting Hold until boot process finishes up...
[[0;32m  OK  [0m] Started User Manager for UID 1000.
[[0;32m  OK  [0m] Started LSB: daemon to balance interrupts for SMP systems.
[[0;32m  OK  [0m] Started LSB: Set the CPU Frequency Scaling governor to "ondemand".
[[0;32m  OK  [0m] Started Terminate Plymouth Boot Screen.
[[0;32m  OK  [0m] Started Hold until boot process finishes up.
[[0;32m  OK  [0m] Started Serial Getty on ttyS0.
         Starting Set console scheme...
[[0;32m  OK  [0m] Started Getty on tty1.
[[0;32m  OK  [0m] Reached target Login Prompts.
[[0;32m  OK  [0m] Reached target Multi-User System.
[[0;32m  OK  [0m] Reached target Graphical Interface.
         Starting Update UTMP about System Runlevel Changes...
         Starting Execute cloud user/final scripts...
[[0;32m  OK  [0m] Started Set console scheme.
[[0;32m  OK  [0m] Started Update UTMP about System Runlevel Changes.
[   26.744570] cloud-init[1200]: Cloud-init v. 18.2 running 'modules:final' at Mon, 23 Apr 2018 15:09:26 +0000. Up 26.50 seconds.
[   26.792256] cloud-init[1200]: Cloud-init v. 18.2 finished at Mon, 23 Apr 2018 15:09:26 +0000. Datasource DataSourceNoCloud [seed=/dev/sdb][dsmode=net].  Up 26.73 seconds
[[0;32m  OK  [0m] Started Execute cloud user/final scripts.
[[0;32m  OK  [0m] Reached target Cloud-init target.

Ubuntu 16.04.4 LTS ubuntu-xenial ttyS0

ubuntu-xenial login: 