[   0.000] nialzing grp ubsyscpse
[   0.000] Iitliin cou subss u
[    0.000] Initalin cgoususys cpucc
[    0.000] Linux version4..0-127-generic (buildd@lcy01-amd64-023) (gcc versin 5.4.0 2160609 Ubtu5.4.-6untu16..9) ) #153-Ubuntu SMP Sat May 19 10:58:46 UT 218(Unt 4.4.-1.13-genec 4.128)   0.0000] mmandin BOOT_IME=oot/vmlinuz-4.4.0-12-gerc root=UUID=0cd4e694-4c-e6b-f5b5d615 ro onlett1 onsole=ttyS0
[   0000] ERNEL supportedcp:
[  000000]  te GnueItel
[  0.0000] A AuthenicD
[    0.0000] Centaur CentaurHaul
   00000 x86/fpu: xta_ofset[2]:  576, xtae_sizes[2]:  256
[  000000] x8/f: Supporin XSAVE feaur0x1: 'x7 oaing point registers
    0.00000] x8/fpu: Supotig SAVEfeure 002'SE registers'
[    0000] 6/u: Suporin XAVfeture0x4:AVX egtes'
[    0.000000] x86/fpu: Enabled xstate features 0x7, context size is 832 bytes, using 'standard' format.
[    0.000000] x86/fpu: Using 'lazy' FPU context switches.
[    0.000000] e820: BIOS-provided physical RAM map:
[    0.000000] BIOS-e820: [mem 0x0000000000000000-0x000000000009fbff] usable
[    0.000000] BIOS-e820: [mem 0x000000000009fc0-0000000000ff] rseed
[   .0000] BIOS-e80:me 0x0000000f000x000000000ff] reserd
[    0.000000] BIOS-e820: [mem 0x0000000000100000-0x00000dffefff] uabe
[  000000] IOe820:[mem 0x00000dfff000x0000000dffffff API data
[   .00000] OSe820:[m 00000000c0000-000000fe0ff] reserve
    0.000000] BIOS-e20[mem 0x0000fee000000x000000fee0f] resered
[  .00000]BIS-820: [mem 0x000000ffc000-0000000fffff] reseve
[    0.000] IOS-e20[mm 00000100000-x000001ffffff] sae
[  0.000000] NX (Exece sable) protecio active
[    0.000000] SMBIOS 2.5 pse.
[  000000] Hpeisr detected: KVM
[   0.0000] 20: last_pfn = 0x120000 max_arch_pfn = 0x400000000
[    0.000000] MTRR: Disabled
[    0.000000] x86/PAT:MTRRs disabled, skipping PAT initialization too.
[   0000000 CU MTRR a bank -iralized ysm.
[    0.000000] x86/PAT: Configuration [0-77]: WB W UC- UC  WB  T UC- U [   00000] e80: last_pfn = 0xdfff0 max_arch_pfn = 0x400000000
[    0.000000] found SMP M-tble at [mem 0x009f00x000ff] apd  [fff8800009ff0]
[    0.000000] Scanning 1 areas for low memory corruption
[  0.00000]AMDIS: em0x361f0000-0370efff]
[   0.000] ACPI Early table chckum veriictiondibld
[    0.00000] CP RDP 0x000000000 0004 v0 VBOX  )[  0.00000]AC: XSDT x000000DFF3000003(v1 BOX   VBOXS 00000 A  0000001)
[   .0000] PI: FACPx0000000FFF00 00F4(v VOX   VXFCP00000001 ASL  0000061)
[    0.000000] ACPI: DSDT 0x00000DFFF04 021FF v0 VX   BOIO 00000002 INTL 20100528)[    0.0000 API: FCSx00000FF020 000[    0.000000] ACPI: FACS0x000000DFFF0200 000040
[    0.000000] ACPI: APIC 0x00000000DFFF0240 0005C (2 VBO  OXAPI000001 L 000001)
[    0.000000] ACPI: SSDT 0x0000000FFF0A000CC (v01VBX   VBOCPU00000002 INT 20008)
[  0000000] No NUMAcoigraiofond
[    0.0000Fakin a node at [mem 00000000000-0000001ffff]
[  .00000NOE_AT0)allocaedme 011f7000-0x1fffbff
[   0.0000] vmlok:Usg srs 45601and b5d0
[  000000] kv-cck: pu, sr 1:1fe01, prarcpu cck
[   00000] vmclock:sig hed offseof400968 cycl
    0.00000 cocksource: kvmclck mas: fffffffffff max_ccl: 0x1c2effb, x_le_n: 15059183s
[   00000] onrages:
[   00000] D      em0x00000000100-0000000ffff]
[   .00000] DM2    [me 000000001000000x000000ffffff]
[   0.000]   Nma  [mm 00000100000-0000011fffff
    .000]   evce  mpty
  0.0000] ovabe nestrtorea ne
[   000000] Earlmeory ne nges
[  .000000  od  0: [em 0x0000000000001000-x00000000009efff]
[    .0000]  de  : em 0x0000000000000-000000dffefff
[    0000]   node   0: em 00000010000-0x000011ffffff
    .0000]Initmm et node [m 0x0000000000x000001ffffff
[  0.0000] ACPI: -Timer IO Port: 0x4008
[    0..000000] IOAPIC[0]: apic_id 2, version 32, address 0xfec00000, GSI 0-23
[    0.000000] ACPI: INT_SRC_OVR (bus 0 busir0 lobalrq dfl dfl
   0.000 ACP: T_SR_OR (bus 0 bus_irq9 global_iq  low level)
[    0.00000] UngACPI (MAD) r MPonguration inortin
[   0.000] smpbotAlowing 2 Us 0hotplug CPUs
[   0.00000] PM: Registered nosave memory: [mem 0x0000000-0x0000f]
[    0.000] PM: egstred sa memory:[m 00009f0-0009ffff
    00000PM: Rgierd novemeor [m 0x0a00-0x00eff]
[   00000] PM: Regiser nose mory: [emx000f000x000ff]
[    0.000000] PM: Registered nosave memory: [mem 0xdfff000-xdfffff]
[  00000] : egsted nosave memory: [mem 0xe0000000-0xfebfffff]    0.000] PMReiserednovememory [em0xc0000-0fe0ff][   0.000] PM:Reistered nosave memory: [mem 0xfec010-0edfffff]
[    0.000000] PM: Registered nosave memory: [mem 0xfee00000-0xfee00fff]
[    0.000000] PM: Registered nosave memory: [mem 0xfee01000-0xfffbffff]
[    0.000000] PM: Registered nosave memory: [em0xff0000-0ffffffff]
[    0.000000] e820: [mem 0xe0000000-0xebffff] avalable for PCdevies
[   0.000000] Booting paravirtualized kernel on KVM
[    0.000000] clocksource: rined-jiffes: msk: 0xfffffff max_cycles: 0xffffffff max_idle_ns: 7455196021568 ns
[    0.00000] setup_percpu: NR_CPUS:512 nr_cpumask_bits:512 nr_cpu_ids:2 nr_node_ids:1
[    0.000000] PERCPU: Embedded 34 pages/cu ff8811fc00000s954 r192 d352u10457
[   0.0000]V qspinlock hash tabe entries: 2 (orer0, 4096ytes)
[    0.00000]uilt 1 zonelistin Node order, mobility grouping on.  Total pages: 1032056
[   .00000] olcyone: Normal
[   .000000]Kenel ommand line: BOOT_IME=boot/vmlinuz-.4-17-generc otUUID=08cdc4-6947-4c8c-9e6b-f5b15d5361b5 ro console=tty1 console=ttyS0
[    0.000000] PID hash table entries: 4096 (order: 3, 32768 bytes)
[    0.000000] Memory: 4027672K/4193848K available (8537K kernel code, 1313K rwdata, 4000K rodata, 1512K init, 1316K bss, 166176K reserved, 0K cma-reserved)
[    0.000000] SLUB: HWalign=64, Order=0-3, MinObjects=0, CPUs=2, Nodes=1
[    00000] KneUser page taesisoti: enable
[   0000000] Hierarchical RCU implementation.
[    0.000000] 	Buil-te djustme oleaffautto 64.
[  000000 	RCU resriting CUsro N_CPUS=512 to nr_cpuid=2.
[   .00000] RU:Adstin gomtrfo r_fnot_af=6, _cu_ids2    0000] NIR:33024 nr_irqs:44 1
[   0.00000] Cosoe: clor GA+ 0x
[    0.000000] conole [tt1]nalled
[   00000 csole [tyS enale
[    0.000000] tsc: Detected 2899.998 MHz processor
[   22.029837] Calibrating delay loop (skipped) preset value.. 5799.99 BogoMIPS (lpj=11599992)
[   22.143243] pid_max: default: 32768 minimum: 301
[   22.216472] ACPI: Core revision 20150930
[   22.279820] ACPI: 2 ACPI AML tables successfully acquired and loaded
[   22.349462] Security Framework initialized
[   22.392922] Yama: becoming mindful.
[   22.454232] AppArmor: AppArmor initialized
[   22.524086] Dentry cache hash table entries: 524288 (order: 10, 4194304 bytes)
[   22.633941] Inode-cache hash table entries: 262144 (order: 9, 2097152 bytes)
[   22.737874] Mount-cache hash table entries: 8192 (order: 4, 65536 bytes)
[   22.853492] Mountpoint-cache hash table entries: 8192 (order: 4, 65536 bytes)
[   22.935740] Initializing cgroup subsys io
[   22.978257] Initializing cgroup subsys memory
[   23.030851] Initializing cgroup subsys devices
[   23.097944] Initializing cgroup subsys freezer
[   23.142230] Initializing cgroup subsys net_cls
[   23.184983] Initializing cgroup subsys perf_event
[   23.243188] Initializing cgroup subsys net_prio
[   23.285559] Initializing cgroup subsys hugetlb
[   23.357703] Initializing cgroup subsys pids
[   23.418999] CPU: Physical Processor ID: 0
[   23.460198] CPU: Processor Core ID: 0
[   23.515134] mce: CPU supports 0 MCE banks
[   23.583107] Last level iTLB entries: 4KB 64, 2MB 8, 4MB 8
[   23.671905] Last level dTLB entries: 4KB 64, 2MB 0, 4MB 0, 1GB 4
[   23.705295] Spectre V2 : Mitigation: Full generic retpoline
[   23.760185] Spectre V2 : Speculation control IBPB not-supported IBRS not-supported
[   23.874932] Speculative Store Bypass: Vulnerable
[   23.951606] Freeing SMP alternatives memory: 32K
[   24.038809] ftrace: allocating 32237 entries in 126 pages
[   24.177132] smpboot: APIC(0) Converting physical 0 to logical package 0
[   24.273737] smpboot: Max logical packages: 1
[   24.354225] x2apic enabled
[   24.394118] Switched APIC routing to physical x2apic.
[   24.454956] ..TIMER: vector=0x30 apic1=0 pin1=2 apic2=-1 pin2=-1
[   24.641302] smpboot: CPU0: Intel(R) Core(TM) i5-5287U CPU @ 2.90GHz (family: 0x6, model: 0x3d, stepping: 0x4)
[   24.800036] Performance Events: unsupported p6 CPU model 61 no PMU driver, software events only.
[   24.898219] KVM setup paravirtual spinlock
[   24.962652] x86: Booting SMP configuration:
[   25.030758] .... node  #0, CPUs:      #1
[   25.076624] kvm-clock: cpu 1, msr 1:1ffef041, secondary cpu clock
[   25.086620] mce: CPU supports 0 MCE banks
[   25.089682] x86: Booted up 1 node, 2 CPUs
[   25.123883] smpboot: Total of 2 processors activated (11599.99 BogoMIPS)
[   25.191625] devtmpfs: initialized
[   25.237592] evm: security.selinux
[   25.285968] evm: security.SMACK64
[   25.287107] evm: security.SMACK64EXEC
[   25.288332] evm: security.SMACK64TRANSMUTE
[   25.289696] evm: security.SMACK64MMAP
[   25.290929] evm: security.ima
[   25.291967] evm: security.capability
[   25.293364] clocksource: jiffies: mask: 0xffffffff max_cycles: 0xffffffff, max_idle_ns: 7645041785100000 ns
[   25.403490] futex hash table entries: 512 (order: 3, 32768 bytes)
[   25.432337] pinctrl core: initialized pinctrl subsystem
[   25.487179] RTC time: 14:22:48, date: 05/29/18
[   25.504329] NET: Registered protocol family 16
[   25.562401] cpuidle: using governor ladder
[   25.610040] cpuidle: using governor menu
[   25.641584] PCCT header not found.
[   25.663201] ACPI: bus type PCI registered
[   25.693920] acpiphp: ACPI Hot Plug PCI Controller Driver version: 0.5
[   25.706491] PCI: Using configuration type 1 for base access
[   25.723478] ACPI: Added _OSI(Module Device)
[   25.765975] ACPI: Added _OSI(Processor Device)
[   25.817915] ACPI: Added _OSI(3.0 _SCP Extensions)
[   25.863743] ACPI: Added _OSI(Processor Aggregator Device)
[   25.924019] ACPI: Executed 1 blocks of module-level executable AML code
[   26.008250] ACPI: Interpreter enabled
[   26.041621] ACPI: (supports S0 S5)
[   26.074525] ACPI: Using IOAPIC for interrupt routing
[   26.134304] PCI: Using host bridge windows from ACPI; if necessary, use "pci=nocrs" and report a bug
[   26.151675] ACPI: PCI Root Bridge [PCI0] (domain 0000 [bus 00-ff])
[   26.229831] acpi PNP0A03:00: _OSC: OS supports [ASPM ClockPM Segments MSI]
[   26.289928] acpi PNP0A03:00: _OSC: not requesting OS control; OS requires [ExtendedConfig ASPM ClockPM MSI]
[   26.390476] acpi PNP0A03:00: fail to add MMCONFIG information, can't access extended PCI configuration space under this bridge.
[   26.547129] PCI host bridge to bus 0000:00
[   26.606016] pci_bus 0000:00: root bus resource [io  0x000000x0cf7 window]
[   26.675118] pci_bus 0000:00: root bus resource [io  0x0d00-0xffff window]
[   26.715148] pci_bus 0000:00: root bus resource [mem 0x000a0000-0x000bffff window]
[   26.717682] pci_bus 0000:00: root bus resource [mem 0xe0000000-0xfdffffff window]
[   26.720149] pci_bus 0000:00: root bus resource [bus 00-ff]
[   26.725918] pci 0000:00:01.1: legacy IDE quirk: reg 0x10: [io  0x01f0-0x01f7]
[   26.769860] pci 0000:00:01.1: legacy IDE quirk: reg 0x14: [io  0x03f6]
[   26.798127] pci 0000:00:01.1: legacy IDE quirk: reg 0x18: [io  0x0170-0x0177]
[   26.800289] pci 0000:00:01.1: legacy IDE quirk: reg 0x1c: [io  0x0376]
[   26.885135] pci 0000:00:07.0: quirk: [io  0x4000-0x403f] claimed by PIIX4 ACPI
[   26.903997] pci 0000:00:07.0: quirk: [io  0x4100-0x410f] claimed by PIIX4 SMB
[   26.981017] ACPI: PCI Interrupt Link [LNKA] (IRQs 5 9 10 *11)
[   27.017817] ACPI: PCI Interrupt Link [LNKB] (IRQs 5 9 *10 11)
[   27.063033] ACPI: PCI Interrupt Link [LNKC] (IRQs 5 *9 10 11)
[   27.117301] ACPI: PCI Interrupt Link [LNKD] (IRQs 5 9 10 *11)
[   27.212806] ACPI: Enabled 2 GPEs in block 00 to 07
[   27.264182] vgaarb: setting as boot device: PCI:0000:00:02.0
[   27.353620] vgaarb: device added: PCI:0000:00:02.0,decodes=io+mem,owns=io+mem,locks=none
[   27.441852] vgaarb: loaded
[   27.466885] vgaarb: bridge control possible 0000:00:02.0
[   27.529293] SCSI subsystem initialized
[   27.582329] ACPI: bus type USB registered
[   27.634786] usbcore: registered new interface driver usbfs
[   27.663427] usbcore: registered new interface driver hub
[   27.723445] usbcore: registered new device driver usb
[   27.774521] PCI: Using ACPI for IRQ routing
[   27.819352] NetLabel: Initializing
[   27.838081] NetLabel:  domain hash size = 128
[   27.853721] NetLabel:  protocols = UNLABELED CIPSOv4
[   27.897662] NetLabel:  unlabeled traffic allowed by default
[   27.977644] amd_nb: Cannot enumerate AMD northbridges
[   28.047507] clocksource: Switched to clocksource kvm-clock
[   28431]ppmo: pAorilysm abd[ 286958pn: nP ACPI init
[   2.015 pp:nPAC: und dic
[   29.460380] clocksource: acpi_pm: mask: 0xffffff max_cycles: 0xffffff, max_idle_ns: 2085701024 ns
[   29.671525] NET: Registered protocol family 2
[   29.713526] TCP established hash table entries: 32768 (order: 6, 262144 bytes)
[   29.719358] TCP bind hash table entries: 32768 (order: 7, 524288 bytes)
[   29.723191] TCP: Hash tables configured (established 32768 bind 32768)
[   29.766241] UDP hash table entries: 2048 (order: 4, 65536 bytes)
[   29.903890] UDP-Lite hash table entries: 2048 (order: 4, 65536 bytes)
[   30.034691] NET: Registered protocol family 1
[   30.036152] pci 0000:00:00.0: Limiting direct PCI/PCI transfers
[   30.038135] pci 0000:00:01.0: Activating ISA DMA hang workarounds
[   30.072936] Unpacking initramfs...
[   30.323955] Freeing initrd memory: 15360K
[   30.483719] PCI-DMA: Using software bounce buffering for IO (SWIOTLB)
[   30.656405] software IO TLB [mem 0xdbff0000-0xdfff0000] (64MB) mapped at [ffff8800dbff0000-ffff8800dffeffff]
[   30.804445] RAPL PMU detected, API unit is 2^-32 Joules, 4 fixed counters 10737418240 ms ovfl timer
[   30.871910] hw unit of domain pp0-core 2^-0 Joules
[   30.895336] hw unit of domain package 2^-0 Joules
[   30.953112] hw unit of domain dram 2^-0 Joules
[   31.005339] hw unit of domain pp1-gpu 2^-0 Joules
[   3.078 plator r_cs:egted atrm RTC devic (o PNP deic fnd
[ 31680]caningorlow emy orptn er 60 sconds
  32612]scRein T cckoue liaton: 287.3 Hz
[   32.061144] clocksource: tsc: mask: 0xffffffffffffffff max_cycles: 0x29c33cb30ef, max_idle_ns: 440795343905 ns
[   33.252930] audit: initializing netlink subsys (disabled)
[   33.306347] audit: type=2000 audit(1527603754.624:1): initialized
[   33.363147] Initialise system trusted keyring
[   .37061 HeT risre 2B agsi, relloated pes

[   340514 zd:oaed
[ 34.39015]FS: Disquasdqt_6.
[   34.8134]FSDqot-cacheash tablenies: 512 (ordr 0, 4096 bytes)
[   35.208415] squashfs: version 4.0 (2009/01/31) Phillip Lougher

[   35.210654] fuse init (API version 7.23)
[   35.233462] Key type big_key registered
[   35.244615] Allocating IMA MOK and blacklist keyrings.
[   35.300302] Key type asymmetric registered
[   35.324811] Asymmetric key parser 'x509' registered
[   35.339980] Block layer SCSI generic (bsg) driver version 0.4 loaded (major 249)
[   35.430910] io scheduler noop registered
[   35.442138] io scheduler deadline registered (default)
[   35.503587] io scheduler cfq registered
[   35.541690] pci_hotplug: PCI Hot Plug PCI Core version: 0.5
[   35.593449] pciehp: PCI Express Hot Plug Controller Driver version: 0.4
[   35.649993] ACPI: AC Adapter [AC] (off-line)
[   35.689763] input: Power Button as /devices/LNXSYSTM:00/LNXPWRBN:00/input/input0
[   35.702081] ACPI: Power Button [PWRF]
[   35.723149] input: Sleep Button as /devices/LNXSYSTM:00/LNXSLPBN:00/input/input1
[   35.775366] ACPI: Sleep Button [SLPF]
[   35.827461] GHES: HEST is not enabled!
[   35.832378] ACPI: Battery Slot [BAT0] (battery present)
[   35.913286] Serial: 8250/16550 driver, 32 ports, IRQ sharing enabled
[   35.938517] 00:02: ttyS0 at I/O 0x3f8 (irq = 4, base_baud = 115200) is a 16550A
[   35.957847] Linux agpgart interface v0.103
[   35.969341] loop: module loaded
[   35.991878] scsi host0: ata_piix
[   36.041609] scsi host1: ata_piix
[   36.093529] ata1: PATA max UDMA/33 cmd 0x1f0 ctl 0x3f6 bmdma 0xd000 irq 14
[   36.096929] ata2: PATA max UDMA/33 cmd 0x170 ctl 0x376 bmdma 0xd008 irq 15
[   36.101118] libphy: Fixed DDIO Bus: probed
[   36.159817] tun: Universal TUN/TAP device driver, 1.6
[   36.222106] tun: (C) 1999-2004 Max Krasnyansky <maxk@qualcomm.com>
[   36.274086] PPP generic driver version 2.4.2
[   36.278206] ehci_hcd: USB 2.0 'Enhanced' Host Controller (EHCI) Driver
[   36.312455] ehci-pci: EHCI PCI platform driver
[   36.363988] ehci-platform: EHCI generic platform driver
[   36.444034] ohci_hcd: USB 1.1 'Open' Host Controller (OHCI) Driver
[   36.495936] ohci-pci: OHCI PCI platform driver
[   36.506400] ohci-platform: OHCI generic platform driver
[   36.583590] uhci_hcd: USB Universal Host Controller Interface driver
[   36.624058] i8042: PNP: PS/2 Controller [PNP0303:PS2K,PNP0f03:PS2M] at 0x60,0x64 irq 1,12
[   36.676107] serio: i8042 KBD port at 0x60,0x64 irq 1
[   36.733810] serio: i8042 AUX port at 0x60,0x64 irq 12
[   36.755369] mousedev: PS/2 mouse device common for all mice
[   36.771388] input: AT Translated Set 2 keyboard as /devices/platform/i8042/serio0/input/input2
[   36.788517] rtc_cmos rtc_cmos: rtc core: registered rtc_cmos as rtc0
[   36.824757] rtc_cmos rtc_cmos: alarms up to one day, 114 bytes nvram
[   36.842456] i2c /dev entries driver
[   36.853461] device-mapper: uevent: version 1.0.3
[   36.858863] device-mapper: ioctl: 4.34.0-ioctl (2015-10-28) initialised: dm-devel@redhat.com
[   36.863727] ledtrig-cpu: registered to indicate activity on CPUs
[   36.957919] NET: Registered protocol family 10
[   36.969319] NET: Registered protocol family 17
[   36.976464] Key type dns_resolver registered
[   36.985057] registered taskstats version 1
[   37.054318] Loading compiled-in X.509 certificates
[   37.101895] Loaded X.509 cert 'Build time autogenerated kernel key: 9f6f572a3ee0cb468eb8db4aa61815bc74ef6adb'
[   37.224804] zswap: loaded using pool lzo/zbud
[   37.276227] Key type trusted registered
[   37.283577] Key type encrypted registered
[   37.333476] AppArmor: AppArmor sha1 policy hashing enabled
[   37.378141] ima: No TPM chip found, activating TPM-bypass!
[   37.432366] evm: HMAC attrs: 0x1
[   37.446641]   Magic number: 2:481:385
[   37.449251] thermal cooling_device0: hash matches
[   37.482140] rtc_cmos rtc_cmos: setting system clock to 2018-05-29 14:23:00 UTC (1527603780)
[   37.544234] BIOS EDD facility v0.16 2004-Jun-25, 0 devices found
[   37.625961] EDD information not available.
[   37.703976] Freeing unused kernel memory: 1512K
[   37.757672] Write protecting the kernel read-only data: 14336k
[   37.798709] Freeing unused kernel memory: 1692K
[   37.856302] Freeing unused kernel memory: 96K
Loading, please wait...
starting version[   37.889097] random: systemd-udevd: uninitialized urandom read (16 bytes read, 7 bits of entropy available)
 229
[   37.889578] random: udevadm: uninitialized urandom read (16 bytes read, 7 bits of entropy available)
[   37.889604] random: udevadm: uninitialized urandom read (16 bytes read, 7 bits of entropy available)
[   37.903800] random: udevadm: uninitialized urandom read (16 bytes read, 7 bits of entropy available)
[   37.903863] random: udevadm: uninitialized urandom read (16 bytes read, 7 bits of entropy available)
[   37.904090] random: udevadm: uninitialized urandom read (16 bytes read, 7 bits of entropy available)
[   37.904168] random: udevadm: uninitialized urandom read (16 bytes read, 7 bits of entropy available)
[   37.904304] random: udevadm: uninitialized urandom read (16 bytes read, 7 bits of entropy available)
[   37.904456] random: udevadm: uninitialized urandom read (16 bytes read, 7 bits of entropy available)
[   37.904589] random: udevadm: uninitialized urandom read (16 bytes read, 7 bits of entropy available)
[   38.906068] e1000: Intel(R) PRO/1000 Network Driver - version 7.3.21-k8-NAPI
[   38.988336] e1000: Copyright (c) 1999-2006 Intel Corporation.
[   39.061761] Fusion MPT base driver 3.04.20
[   39.166090] Copyright (c) 1999-2008 LSI Corporation
[   39.411661] Fusion MPT SPI Host driver 3.04.20
[   39.481646] AVX2 version of gcm_enc/dec engaged.
[   39.513348] AES CTR mode by8 optimization enabled
[   39.631625] input: ImExPS/2 Generic Explorer Mouse as /devices/platform/i8042/serio1/input/input4
[   40.362691] e1000 0000:00:03.0 eth0: (PCI:33MHz:32-bit) 02:17:54:81:c3:1e
[   40.389840] e1000 0000:00:03.0 eth0: Intel(R) PRO/1000 Network Connection
[   40.404864] mptbase: ioc0: Initiating bringup
[   40.405903] e1000 0000:00:03.0 enp0s3: renamed from eth0
[   40.516049] ioc0: LSI53C1030 A0: Capabilities={Initiator}
[   40.703978] scsi host2: ioc0: LSI53C1030 A0, FwRev=00000000h, Ports=1, MaxQ=256, IRQ=20
[   40.908802] scsi 2:0:0:0: Direct-Access     VBOX     HARDDISK         1.0  PQ: 0 ANSI: 5
[   41.644463] scsi target2:0:0: Beginning Domain Validation
[   41.709929] scsi target2:0:0: Domain Validation skipping write tests
[   42.604442] scsi target2:0:0: Ending Domain Validation
[   42.636196] scsi target2:0:0: asynchronous
[   42.695904] scsi 2:0:1:0: Direct-Access     VBOX     HARDDISK         1.0  PQ: 0 ANSI: 5
[   42.774662] scsi target2:0:1: Beginning Domain Validation
[   42.829121] scsi target2:0:1: Domain Validation skipping write tests
[   42.878025] scsi target2:0:1: Ending Domain Validation
[   42.916880] scsi target2:0:1: asynchronous
[   43.000982] sd 2:0:0:0: [sda] 20971520 512-byte logical blocks: (10.7 GB/10.0 GiB)
[   43.001013] sd 2:0:0:0: Attached scsi generic sg0 type 0
[   43.091902] sd 2:0:1:0: [sdb] 20480 512-byte logical blocks: (10.5 MB/10.0 MiB)
[   43.103611] sd 2:0:1:0: Attached scsi generic sg1 type 0
[   43.104064] sd 2:0:0:0: [sda] Write Protect is off
[   43.104186] sd 2:0:0:0: [sda] Incomplete mode parameter data
[   43.104187] sd 2:0:0:0: [sda] Assuming drive cache: write through
[   43.105891]  sda: sda1
[   43.106515] sd 2:0:0:0: [sda] Attached SCSI disk
[   43.331152] sd 2:0:1:0: [sdb] Write Protect is off
[   43.422698] sd 2:0:1:0: [sdb] Incomplete mode parameter data
[   43.528269] sd 2:0:1:0: [sdb] Assuming drive cache: write through
[   43.580597] sd 2:0:1:0: [sdb] Attached SCSI disk
Begin: Loading e[   45.331878] md: linear personality registered for level -1
ssential drivers ... [   45.498895] md: multipath personality registered for level -4
[   45.570272] md: raid0 personality registered for level 0
[   45.656990] md: raid1 personality registered for level 1
[   45.791976] raid6: sse2x1   gen()  8161 MB/s
[   45.893261] raid6: sse2x1   xor()  2838 MB/s
[   45.980232] raid6: sse2x2   gen()  1702 MB/s
[   46.112088] raid6: sse2x2   xor()  2786 MB/s
[   46.236499] raid6: sse2x4   gen()  2094 MB/s
[   46.364200] raid6: sse2x4   xor()   937 MB/s
[   46.469179] raid6: avx2x1   gen()  3472 MB/s
[   46.556051] raid6: avx2x2   gen() 11183 MB/s
[   46.707587] raid6: avx2x4   gen() 18902 MB/s
[   46.737309] raid6: using algorithm avx2x4 gen() 18902 MB/s
[   46.772816] raid6: using avx2x2 recovery algorithm
[   46.791473] xor: automatically using best checksumming function:
[   46.852260]    avx       : 22110.000 MB/sec
[   46.918262] async_tx: api initialized (async)
[   47.011691] md: raid6 personality registered for level 6
[   47.051560] md: raid5 personality registered for level 5
[   47.095709] md: raid4 personality registered for level 4
[   47.194548] md: raid10 personality registered for level 10
done.
Begin: Running /scripts/init-premount ... done.
Begin: Mounting root file system ... Begin: Running /scripts/local-top ... done[   47.248997] Btrfs loaded
.
Begin: Running /scripts/local-premount ... Scanning for Btrfs filesystems
done.
Warning: fsck no[   47.319205] EXT4-fs (sda1): mounted filesystem with ordered data mode. Opts: (null)
t present, so skipping root file system
done.
Begin: Running /scripts/local-bottom ... done.
Begin: Running /scripts/init-bottom ... done.
[   47.516187] systemd[1]: systemd 229 running in system mode. (+PAM +AUDIT +SELINUX +IMA +APPARMOR +SMACK +SYSVINIT +UTMP +LIBCRYPTSETUP +GCRYPT +GNUTLS +ACL +XZ -LZ4 +SECCOMP +BLKID +ELFUTILS +KMOD -IDN)
[   47.583392] systemd[1]: Detected virtualization oracle.
[   47.641811] systemd[1]: Detected architecture x86-64.

Welcome to [1mUbuntu 16.04.4 LTS[0m!

[   47.737982] ysem[1: t stam to <ubuntu-xeal>.
[   48.177388] random: nonblocking pool is initialized
[   48.282788] systemd[1]: Reached target System Time Synchronized.
[[0;32m  OK  [0m] Reached target System Time Synchronized.
[ 48889]ysmd]:Listening onud CtroSoke.
[[0;32m  OK  [0m] Listening on udev Control Socket.
[  49.0083] ysemd[1] Lstni o Jurl ckt.

[[0;32m  OK  [0m] Listening on Journal Socket.
[   4.533 systemd[1]: Created slice User and Session Slice.
[[0;32m  OK  [0m] Created slice User and Session Slice.
[   49.796541] systemd[1]: Listening on LVM2 metadata daemon socket.
[[0;32m  OK  [0m] Listening on LVM2 metadata daemon socket.
[   49.879952] systemd[1]: Started Forward Password Requests to Wall Directory Watch.
[[0;32m  OK  [0m] Started Forward Password Requests to Wall Directory Watch.
[  499302] systed[]:Liteing on LVM2 pllaeon ocket.
[[0;32m  OK  [0m] Listening on LVM2 poll daemon socket.
[ 50408] std[: Started igr esvcnfupdte for netor D.
[[0;32m  OK  [0m] Started Trigger resolvconf update for networkd DNS.
[ 51602]ysem1]: reatd lie ystemSlce

[[0;32m  OK  [0m] Created slice System Slice.
[   51.951789] systemd[1]: Starting Create list of required static device nodes for the current kernel...
         Starting Create list of required st... nodes for the current kernel...
[   52.181719] systemd[1]: Starting Remount Root and Kernel File Systems...
         Starting Remount[   52.273121] EXT4-fs (sda1): re-mounted. Opts: (null)
 Root and Kernel File Systems...
[   53.212223] systemd[1]: Starting Nameserver information manager...
         Starting Nameserver information manager...
[   53.380697] systemd[1]: Mounting POSIX Message Queue File System...
         Mounting POSIX Message Queue File System...
[   53.441184] systemd[1]: Created slice system-serial\x2dgetty.slice.
[[0;32m  OK  [0m] Created slice system-serial\x2dgetty.slice.
[   53.524007] systemd[1]: Starting Uncomplicated firewall...
         Starting Uncomplicated firewall...
[   53.624326] systemd[1]: Mounting Debug File System...
         Mounting Debug File System...
[   53.843010] systemd[1]: Mounting Huge Pages File System...
         Mounting Huge Pages File System...
[   54.060561] systemd[1]: Starting Load Kernel Modules...
         Starting Load Kernel Modules...[   54.084634] Loading iSCSI transport class v2.0-870.

[   54.125144] systemd[1]: Listening on Syslog Socket.
[[0;32m  OK  [0m] Listening on Syslog Socket.
[   54.174838] iscsi: registered transport (tcp)
[   54.223970] systemd[1]: Reached target Swap.
[[0;32m  OK  [0m] Reached target Swap.
[   54.277438] iscsi: registered transport (iser)
[   54.343888] systemd[1]: Reached target Slices.
[[0;32m  OK  [0m] Reached target Slices.
[   54.408409] systemd[1]: Starting Set console keymap...
         Starting Set console keymap...
[   54.454138] systemd[1]: Set up automount Arbitrary Executable File Formats File System Automount Point.
[[0;32m  OK  [0m] Set up automount Arbitrary Executab...ats File System Automount Point.
[   547087] ysmd[: acd tageEncrpt Vlus.

[[0;32m  OK  [0m] Reached target Encrypted Volumes.
[   55.35258] systemd[1]Lieng  Dice-mapper event daeonIFOs.
[[0;32m  OK  [0m] Listening on Device-mapper event daemon FIFOs.
[   55.755844] systemd[1]: Starting Monitoring of LVM2 mirrors, snapshots etc. using dmeventd or progress polling...
         Starting Monitoring of LVM2 mirrors... dmeventd or progress polling...
[   5.92394]syemd[1: stnig n dev Kerne Ske. [[0;32m  OK  [0m] Listening on udev Kernel Socket.
[   6.093] ysemd[1]: eahed taretseand Group amLoup
[[0;32m  OK  [0m] Reached target User and Group Name Lookups.
[  538485 sstd[]:isnig on Journal Socket (/dev/log).
[[0;32m  OK  [0m] Listening on Journal Socket (/dev/log).
[   57.747000] systemd[1]: Listening on /dv/initctl Compatibility Named Pipe.
[[0;32m  OK  [0m] Listening on /dev/initctl Compatibility Named Pipe.
[  58.082] std[: stinonounaAut ck.
[[0;32m  OK  [0m] Listening on Journal Audit Socket.
[   58.763724] systemd[1]: Starting Journal Service...
         Starting Journal Service...
[   58.788149] systemd[1]: Mounted Huge Pages File System.
[[0;32m  OK  [0m] Mounted Huge Pages File System.
[ 58912806] systemd[1]: Mounted Debug File System.
[[0;32m  OK  [0m] Mounted Debug File System.
[   59.027479] systemd[1]: Mounted POSIX Message Queue File System.
[[0;32m  OK  [0m] Mounted POSIX Message Queue File System.
[   59.047643] systemd[1]: Started Journal Service.
[[0;32m  OK  [0m] Started Journal Service.
[[0;32m  OK  [0m] Started Create list of required sta...ce nodes for the current kernel.
[[0;32m  OK  [0m] Started Remount Root and Kernel File Systems.
[[0;32m  OK  [0m] Started Uncomplicated firewall.
[[0;32m  OK  [0m] Started Load Kernel Modules.
[[0;32m  OK  [0m] Started Set console keymap.
[[0;32m  OK  [0m] Started Nameserver information manager.
[[0;32m  OK  [0m] Started LVM2 metadata daemon.
         Starting Apply Kernel Variables...
         Mounting FUSE Control File System...
         Starting udev Coldplug all Devices...
         Starting Load/Save Random Seed...
         Starting Create Static Device Nodes in /dev...
         Starting Flush Journal to Persistent Storage...
[[0;32m  OK  [0m] Mounted FUSE Control File System.
[[0;32m  OK  [0m] Started Monitoring of LVM2 mirrors,...ng dmeventd or progress polling.
[[0;32m  OK  [0m] Started Apply Kernel Variables.
[[0;32m  OK  [0m] Started Load/Save Random Seed.
[[0;32m  OK  [0m] Started Create Static Device Nodes in /dev.
[[0;32m  OK  [0m] Started udev Coldplug all Devices.
[[0;32m  OK  [0m] Started Flush Journal to Persistent Storage.
         Starting udev Kernel Device Manager...
[[0;32m  OK  [0m] Started udev Kernel Device Manager.
[[0;32m  OK  [0m] Reached target Local File Systems (Pre).
[[0;32m  OK  [0m] Reached target Local File Systems.
         Starting Initial cloud-init job (pre-networking)...
         Starting Set console font and keymap...
         Starting Create Volatile Files and Directories...
         Starting Tell Plymouth To Write Out Runtime Data...
         Starting LSB: AppArmor initialization...
[[0;32m  OK  [0m] Started Dispatch Password Requests to Console Directory Watch.
[[0;32m  OK  [0m] Started Create Volatile Files and Directories.
[[0;32m  OK  [0m] Started Tell Plymouth To Write Out Runtime Data.
[[0;32m  OK  [0m] Found device /dev/ttyS0.
[[0;32m  OK  [0m] Started LSB: AppArmor initialization.
[[0;32m  OK  [0m] Listening on Load/Save RF Kill Switch Status /dev/rfkill Watch.
[   35.171230] cloud-init[494]: Cloud-init v. 18.2 running 'init-local' at Tue, 29 May 2018 14:23:25 +0000. Up 34.87 seconds.
         Starting Update UTMP about System Boot/Shutdown...
[[0;32m  OK  [0m] Started Set console font and keymap.
[[0;32m  OK  [0m] Started Initial cloud-init job (pre-networking).
[[0;32m  OK  [0m] Reached target Network (Pre).
         Starting Raise network interfaces...
[[0;32m  OK  [0m] Started ifup for enp0s3.
[[0;32m  OK  [0m] Created slice system-getty.slice.
[[0;32m  OK  [0m] Started Update UTMP about System Boot/Shutdown.
[[0;32m  OK  [0m] Started Raise network interfaces.
[[0;32m  OK  [0m] Reached target Network.
         Starting Initial cloud-init job (metadata service crawler)...
[   36.697225] cloud-init[988]: Cloud-init v. 18.2 running 'init' at Tue, 29 May 2018 14:23:26 +0000. Up 36.13 seconds.
[   36.738167] cloud-init[988]: ci-info: +++++++++++++++++++++++++++++++++++++Net device info++++++++++++++++++++++++++++++++++++++
[[0;32m  OK  [0m] Started Initial cloud-init job (metadata service crawler).
[   36.801629] cloud-init[988]: ci-info: +--------+------+----------------------------+---------------+-------+-------------------+
[   36.928413] [cloud-init[0;32m  OK  [0m[988]: ] ci-info: | Device |  Up  |          Address           |      Mask     | Scope |     Hw-Address    |Reached target Cloud-config availability.

[   36.929384] [cloud-init[0;32m  OK  [0m[988]: ] ci-info: +--------+------+----------------------------+---------------+-------+-------------------+Reached target System Initialization.

[   36.997913] cloud-init[988]: ci-info: | enp0s3 | True |         10.0.2.15          | 255.255.255.0 |   .   | 02:17:54:81:c3:1e |
[   37.134194] [cloud-init[0;32m  OK  [0m[988]: ] ci-info: | enp0s3 | True | fe80::17:54ff:fe81:c31e/64 |       .       |  link | 02:17:54:81:c3:1e |Started ACPI Events Check.

[   37.135074] [cloud-init[0;32m  OK  [0m[988]: ci-info: |   lo   | True |         127.0.0.1          |   255.0.0.0   |   .   |         .         |
] Reached target Paths.
[[0;32m  OK  [0m] Started Daily Cleanup of Temporary Directories.
[[0;32m  OK  [0m] Listening on D-Bus System Message Bus Socket.
[   37.189867] cloud-init[988]: ci-info: |   lo   | True |          ::1/128           |       .       |  host |         .         |
[[0;32m  OK  [0m] Listening on ACPID Listen Socket.
[   37.432769] cloud-init[988]: ci-info: +--------+------+----------------------------+---------------+-------+-------------------+
[   37.434975] cloud-init[988]: ci-info: +++++++++++++++++++++++++++Route IPv4 info++++++++++++++++++++++++++++
[   37.542105]          cloud-initStarting LXD - unix socket.[988]: 
ci-info: +-------+-------------+----------+---------------+-----------+-------+
         Starting Socket activation for snappy daemon.
[   37.636751] cloud-init[988]: ci-info: | Route | Destination | Gateway  |    Genmask    | Interface | Flags |
[[0;32m  OK  [0m] Started Daily apt download activities.
[[0;32m  OK  [0m] Started Daily apt upgrade and clean activities.
[[0;32m  OK  [0m] Reached target Timers.
[   37.658563] cloud-init[988]: ci-info: +-------+-------------+----------+---------------+-----------+-------+
[[0;32m  OK  [0m] Listening on UUID daemon activation socket.
[   37.914065] cloud-init[988]: ci-info: |   0   |   0.0.0.0   | 10.0.2.2 |    0.0.0.0    |   enp0s3  |   UG  |
[   37.985209] [cloud-init[0;32m  OK  [0m[988]: ] ci-info: |   1   |   10.0.2.0  | 0.0.0.0  | 255.255.255.0 |   enp0s3  |   U   |Reached target Network is Online.

[   37.986195] cloud-init[988]: ci-info: +-------+-------------+----------+---------------+-----------+-------+
         Starting iSCSI initiator daemon (iscsid)...
[[0;32m  OK  [0m] Listening on LXD - unix socket.
[[0;32m  OK  [0m] Listening on Socket activation for snappy daemon.
[[0;32m  OK  [0m] Started iSCSI initiator daemon (iscsid).
         Starting Login to default iSCSI targets...
[[0;32m  OK  [0m] Reached target Sockets.
[[0;32m  OK  [0m] Reached target Basic System.
[[0;32m  OK  [0m] Started Deferred execution scheduler.
         Starting /etc/rc.local Compatibility...
         Starting LSB: Record successful boot for GRUB...
         Starting Virtualbox guest utils...
         Starting Snappy daemon...
         Starting Login Service...
[[0;32m  OK  [0m] Started D-Bus System Message Bus.
         Starting OpenBSD Secure Shell server...
[[0;32m  OK  [0m] Started Regular background program processing daemon.
         Starting Accounts Service...
         Starting LXD - container startup/shutdown...
         Starting System Logging Service...
[[0;32m  OK  [0m] Started FUSE filesystem for LXC.
[[0;32m  OK  [0m] Started ACPI event daemon.
         Starting LSB: MD monitoring daemon...
         Starting Apply the settings specified in cloud-config...
[[0;32m  OK  [0m] Started Unattended Upgrades Shutdown.
[[0;32m  OK  [0m] Started Snappy daemon.
[[0;32m  OK  [0m] Started OpenBSD Secure Shell server.
[[0;32m  OK  [0m] Started System Logging Service.
[[0;32m  OK  [0m] Started /etc/rc.local Compatibility.
[[0;32m  OK  [0m] Started LXD - container startup/shutdown.
[[0;32m  OK  [0m] Started Login to default iSCSI targets.
[[0;32m  OK  [0m] Started LSB: Record successful boot for GRUB.
[[0;32m  OK  [0m] Started Virtualbox guest utils.
[[0;32m  OK  [0m] Started LSB: MD monitoring daemon.
[[0;32m  OK  [0m] Started Login Service.
         Starting Authenticate and Authorize Users to Run Privileged Tasks...
[[0;32m  OK  [0m] Reached target Remote File Systems (Pre).
[[0;32m  OK  [0m] Reached target Remote File Systems.
         Starting LSB: daemon to balance interrupts for SMP systems...
         Starting Permit User Sessions...
[   39.805598] cloud-init[1109]: Cloud-init v. 18.2 running 'modules:config' at Tue, 29 May 2018 14:23:29 +0000. Up 39.53 seconds.
         Starting LSB: automatic crash report generation...
         Starting LSB: Set the CPU Frequency Scaling governor to "ondemand"...
[[0;32m  OK  [0m] Started Apply the settings specified in cloud-config.
[[0;32m  OK  [0m] Started Permit User Sessions.
[[0;32m  OK  [0m] Started Authenticate and Authorize Users to Run Privileged Tasks.
[[0;32m  OK  [0m] Started Accounts Service.
[[0;32m  OK  [0m] Started LSB: daemon to balance interrupts for SMP systems.
[[0;32m  OK  [0m] Started LSB: automatic crash report generation.
[[0;32m  OK  [0m] Created slice User Slice of vagrant.
[[0;32m  OK  [0m] Started Session 1 of user vagrant.
         Starting User Manager for UID 1000...
         Starting Hold until boot process finishes up...
         Starting Terminate Plymouth Boot Screen...
[[0;32m  OK  [0m] Started User Manager for UID 1000.
[[0;32m  OK  [0m] Started LSB: Set the CPU Frequency Scaling governor to "ondemand".
[[0;32m  OK  [0m] Started Hold until boot process finishes up.
[[0;32m  OK  [0m] Started Terminate Plymouth Boot Screen.
[[0;32m  OK  [0m] Started Serial Getty on ttyS0.
[[0;32m  OK  [0m] Started Getty on tty1.
[[0;32m  OK  [0m] Reached target Login Prompts.
         Starting Set console scheme...
[[0;32m  OK  [0m] Reached target Multi-User System.
         Starting Execute cloud user/final scripts...
[[0;32m  OK  [0m] Reached target Graphical Interface.
         Starting Update UTMP about System Runlevel Changes...
[[0;32m  OK  [0m] Started Set console scheme.
[[0;32m  OK  [0m] Started Update UTMP about System Runlevel Changes.
[   41.273032] cloud-init[1233]: Cloud-init v. 18.2 running 'modules:final' at Tue, 29 May 2018 14:23:31 +0000. Up 41.11 seconds.
[   41.287178] cloud-init[1233]: Cloud-init v. 18.2 finished at Tue, 29 May 2018 14:23:31 +0000. Datasource DataSourceNoCloud [seed=/dev/sdb][dsmode=net].  Up 41.26 seconds
[[0;32m  OK  [0m] Started Execute cloud user/final scripts.
[[0;32m  OK  [0m] Reached target Cloud-init target.

Ubuntu 16.04.4 LTS ubuntu-xenial ttyS0

ubuntu-xenial login: 