  Source.c
c:\uwr\windows\1.1\1.1.3\1.1.3\source.c(34): warning C4133: '=': incompatible types - from 'char *' to 'LPCWSTR'
c:\uwr\windows\1.1\1.1.3\1.1.3\source.c(54): warning C4133: 'function': incompatible types - from 'char [12]' to 'LPCWSTR'
c:\uwr\windows\1.1\1.1.3\1.1.3\source.c(100): warning C4133: 'function': incompatible types - from 'char [1]' to 'LPCWSTR'
c:\uwr\windows\1.1\1.1.3\1.1.3\source.c(101): warning C4133: 'function': incompatible types - from 'char [1]' to 'LPCWSTR'
c:\uwr\windows\1.1\1.1.3\1.1.3\source.c(102): warning C4133: 'function': incompatible types - from 'char [1]' to 'LPCWSTR'
c:\uwr\windows\1.1\1.1.3\1.1.3\source.c(102): warning C4047: 'function': 'HMENU' differs in levels of indirection from 'int'
c:\uwr\windows\1.1\1.1.3\1.1.3\source.c(102): warning C4024: 'CreateWindowExW': different types for formal and actual parameter 10
c:\uwr\windows\1.1\1.1.3\1.1.3\source.c(103): warning C4047: 'function': 'LPARAM' differs in levels of indirection from 'unsigned short [9]'
c:\uwr\windows\1.1\1.1.3\1.1.3\source.c(103): warning C4024: 'SendMessageW': different types for formal and actual parameter 4
c:\uwr\windows\1.1\1.1.3\1.1.3\source.c(104): warning C4047: 'function': 'LPARAM' differs in levels of indirection from 'unsigned short [11]'
c:\uwr\windows\1.1\1.1.3\1.1.3\source.c(104): warning C4024: 'SendMessageW': different types for formal and actual parameter 4
c:\uwr\windows\1.1\1.1.3\1.1.3\source.c(105): warning C4047: 'function': 'LPARAM' differs in levels of indirection from 'unsigned short [9]'
c:\uwr\windows\1.1\1.1.3\1.1.3\source.c(105): warning C4024: 'SendMessageW': different types for formal and actual parameter 4
c:\uwr\windows\1.1\1.1.3\1.1.3\source.c(106): warning C4047: 'function': 'HMENU' differs in levels of indirection from 'int'
c:\uwr\windows\1.1\1.1.3\1.1.3\source.c(106): warning C4024: 'CreateWindowExW': different types for formal and actual parameter 10
c:\uwr\windows\1.1\1.1.3\1.1.3\source.c(107): warning C4047: 'function': 'HMENU' differs in levels of indirection from 'int'
c:\uwr\windows\1.1\1.1.3\1.1.3\source.c(107): warning C4024: 'CreateWindowExW': different types for formal and actual parameter 10
c:\uwr\windows\1.1\1.1.3\1.1.3\source.c(108): warning C4047: 'function': 'HMENU' differs in levels of indirection from 'int'
c:\uwr\windows\1.1\1.1.3\1.1.3\source.c(108): warning C4024: 'CreateWindowExW': different types for formal and actual parameter 10
c:\uwr\windows\1.1\1.1.3\1.1.3\source.c(109): warning C4047: 'function': 'HMENU' differs in levels of indirection from 'int'
c:\uwr\windows\1.1\1.1.3\1.1.3\source.c(109): warning C4024: 'CreateWindowExW': different types for formal and actual parameter 10
c:\uwr\windows\1.1\1.1.3\1.1.3\source.c(130): warning C4133: 'function': incompatible types - from 'LPSTR' to 'LPWSTR'
c:\uwr\windows\1.1\1.1.3\1.1.3\source.c(131): warning C4133: 'function': incompatible types - from 'LPSTR' to 'LPWSTR'
c:\uwr\windows\1.1\1.1.3\1.1.3\source.c(132): warning C4133: 'function': incompatible types - from 'LPSTR' to 'LPWSTR'
c:\uwr\windows\1.1\1.1.3\1.1.3\source.c(134): warning C4133: 'function': incompatible types - from 'LPSTR' to 'STRSAFE_LPCWSTR'
c:\uwr\windows\1.1\1.1.3\1.1.3\source.c(135): warning C4133: 'function': incompatible types - from 'char [2]' to 'STRSAFE_LPCWSTR'
c:\uwr\windows\1.1\1.1.3\1.1.3\source.c(136): warning C4133: 'function': incompatible types - from 'LPSTR' to 'STRSAFE_LPCWSTR'
c:\uwr\windows\1.1\1.1.3\1.1.3\source.c(138): warning C4133: 'function': incompatible types - from 'LPSTR' to 'STRSAFE_LPCWSTR'
  1.1.3.vcxproj -> C:\Uwr\windows\1.1\1.1.3\Debug\1.1.3.exe
  1.1.3.vcxproj -> C:\Uwr\windows\1.1\1.1.3\Debug\1.1.3.pdb (Full PDB)
