c:\uwr\windows\1.1\1.1.4\1.1.4\debug\vc140.pdb
c:\uwr\windows\1.1\1.1.4\1.1.4\debug\vc140.idb
c:\uwr\windows\1.1\1.1.4\1.1.4\debug\source.nativecodeanalysis.xml
c:\uwr\windows\1.1\1.1.4\1.1.4\debug\source.obj
c:\uwr\windows\1.1\1.1.4\debug\1.1.4.ilk
c:\uwr\windows\1.1\1.1.4\debug\1.1.4.exe
c:\uwr\windows\1.1\1.1.4\debug\1.1.4.pdb
c:\uwr\windows\1.1\1.1.4\1.1.4\debug\resource.res
c:\uwr\windows\1.1\1.1.4\1.1.4\debug\nativecodeanalysis.read.1.tlog
c:\uwr\windows\1.1\1.1.4\1.1.4\debug\vc.nativecodeanalysis.all.xml
c:\uwr\windows\1.1\1.1.4\debug\1.1.4.exe.lastcodeanalysissucceeded
c:\uwr\windows\1.1\1.1.4\1.1.4\debug\1.1.4.tlog\cl.command.1.tlog
c:\uwr\windows\1.1\1.1.4\1.1.4\debug\1.1.4.tlog\cl.read.1.tlog
c:\uwr\windows\1.1\1.1.4\1.1.4\debug\1.1.4.tlog\cl.write.1.tlog
c:\uwr\windows\1.1\1.1.4\1.1.4\debug\1.1.4.tlog\link.command.1.tlog
c:\uwr\windows\1.1\1.1.4\1.1.4\debug\1.1.4.tlog\link.read.1.tlog
c:\uwr\windows\1.1\1.1.4\1.1.4\debug\1.1.4.tlog\link.write.1.tlog
c:\uwr\windows\1.1\1.1.4\1.1.4\debug\1.1.4.tlog\rc.command.1.tlog
c:\uwr\windows\1.1\1.1.4\1.1.4\debug\1.1.4.tlog\rc.read.1.tlog
c:\uwr\windows\1.1\1.1.4\1.1.4\debug\1.1.4.tlog\rc.write.1.tlog
