[   0.00000Intilingcgroup sbs cuset   0.00000 Itializing cgroup sbss cpu
[    0.000000] Initializing cgroup subsys cpuacct
[    0.000000]Liux rsn 4.4.0-19-geric (uid@lc01md4-013)gc vrson .40 20160609 (Ubuntu 5.4.0-6ubuntu1~16.04.9) ) #143-Ubuntu SMP Mon Apr 2 16:08:24 UTC 2018 (Ubuntu.4.119.143--geer 4.4.14)
[  .00000]omnd line: BOOT_IMAGE=/boot/vmlinuz-4.4.0-119-generic root=LABEL=coumg-roos  consoe=y1conslety0
[  00000] EREL supord cps:
  0.00000]   Intel Genuinete
[    .000]   AD thnticAMD[  0.000000]   Centau CnturHul
    000000] x86/fpu: xstate_ffse2]  57 xtae_zes[2]:  256   0.000] x86/fu: Supprtg SAVE fetu 001'x floating point registers'
[    0.000] 86fp: pporting AV featur 002'SSE egiters'[   .000] x86/fp: pprting XSAE atre 0x04 'VXregier
[    00000] x86/fpu: Enabled xstate featre0x7, onxt siz i832 bte uin 'tada' ormat.
[    0.0000]x86/u:Usin 'az FPU contt witcs.
[  .0000] 820: BIOS-providd hyical RM p:
[    .000] IOe80: me0x0000000000-0000000009fbff] uab
[    .00000 BIOS-82: mem 0x000000000009f00x000000009fff reervd    .000000] BIOS-e820: [em0x0000000f00-00000000ffff rered
[    0.000000] BIOS-e820: [mem 0x0000000000100000-0x000000003ffeffff] usable
[    0.000000] BIOS-e820: [mem 000000003fff0000-x000003ffff]CP dta
  0.0000] OS-e820: me0x000000fec00000-0x00000000fec00fff] reserved
[    0.000000] BIOS-e820: [mem 0x00000000fee00000-0x00000000fee00fff] reserved
[    0.000000] BIOS-e820: [mem 0x00000000fffc000-0000000fffff] reserved
[  0.0000] X xecu Dsable) roctio: active
  0.0000 SBIOS2.prsen
   0.000] yperisr tected: VM
[    0.000000] e820: last_pfn = 0x3fff0 max_arch_pfn = 0x400000000
[    0.000000] MTRR: Disabled
[    0.000000]x8/P: TRRsdibld,skpig PAT nialzaioto.
[  000000 C MRRs l ank - iralizedysem.
[    0.000000] x6/PT:onigraon[07]WB WT  -   WB    C- UC  
   000000] ou SP MP-tabe t em 0x09f0-0x009fff] mapped at [ffff88000009fff0]
[    0.00000 Scni 1 areasfolo meryorruption
[    0.000] RAMDISK: [emx31fe000-0x370f6fff]
[    0.000000] ACPI: Earlytae heks vrificatn sabled
[    00000 ACPI: RSDP 0x00000000000E0000 000024 (v02 VBOX  
[    0.000000] ACPI XDT 0000003F0030 00003C (v01 VBOX   VBOXXSDT00000 A  0000)
[  00000] PI FCPx00000003F00 0000F4 (v04VBX  VBOXFCP0000001AS 0000061)
[    .0000]ACI:SDT 000000FF47 0021FF (v02 VBX VBOXBI 000002 IL 10058)[    0000] ACI:FAS 0x000000003FFF0200 0040
[   0.000000] ACPI: FACS 0x000000003FFF0200 000040
[    0.000000] ACPI: API 000000003FFF0240 00005C (v02 VBOX  VBXAPIC 00000001 ASL  00000061)
[    0.000000] ACPI: SSDT 0x000000003FFF02A0 001C (01 VBOX   VBOXCPUT 00000002 INTL 20100528)
[    0.000000] No NUMA configuration found
[    0.000000] Faking a node at [mem 0x0000000000000000-0x000000003ffeffff]
[    0.000000] NODE_DATA(0) allocated [mem 0x3ffeb000-0x3ffeffff]
[    0.000000] kvm-clock: Using msrs 4b564d01 and 4b564d00
[    0.000000] kvm-clock: cpu 0, msr 0:3ffe3001, primary cpu clock
[    0.000000] kvm-clock: using sched offset of 4428417855 cycles
[    0.000000] clocksource: kvm-clock: mask: 0xffffffffffffffff max_cycles: 0x1cd42e4dffb, max_idle_s:81590591483 ns
[    0.000000] Zonee ranges:
[   0.000000]   DMA      [mem 0x00000000000100-00000000000ffffff]
[    0.000000]   DMA32    [mem 0x0000000001000000-0x000000003ffeffff]
[    0.000000]   Normal   epty
[    0.000000]   Device   empty
[   0.000000] Movable zone start for each node
[    0.000000] Early mmory node ranges
[    0.000000]   node   0: [mem 0x0000000000001000-x0000000009efff]
[    0.000000]   node   : [mem 0x0000000000100000-0x00000003fefff]
[    0.000000] nimem setup node 0 [mem 0x0000000000001000-0x0000003ffefff
    .0000]ACPI: PM-Timer IO Port 04008
[    0.000000] IOAPIC[0]: apic_id 2, version 32, address 0xfec00000, GSI 0-23
[    0.000000] ACPI: INT_SRC_OVR (us0 busirq 0 global_irq 2 fl dfl)
[   .0000]ACPI: INT_SRC_OVR (bus 0 usir9 glol_q 9 owevl)
[    0.000000] Using ACP (ADT)for SMP configuration information
[    0.000000] smpboot: Allowin 2CPUs, 0 hotplug CPUs
[    0.000000] PM: Registered nosave memory: [mem 0x00000000-0x00000ff][    0.000000] PM: giered sa memy:[mem 0x009f000-0x0009ffff]
[    0.0000] PM: Rgistered nosave memory: [mem 0x000000-0x000effff]
[    0.000000 PM: Registered nosave memy:mem 000f0000-0x000fffff]
[    0.000000] e20: [mem 0x400000xfebfffavailalefo PCIdeics
[   .000] oting ariruaiz krnel oKV
[    .000] clckoue: rfiedjiies: msk0xffffffff max_cycles:0xfffffff, max_idle_ns: 76455196021568 ns
[    0.0000]setuperu: N_CS:52 nr_cpumk_bts512 n_cu_ids:2 nr_node_ids:1
[   0.000000] PERCPU: Embedded 34 pages/cpu@ff88003fc00000 s99544 r8192 d31528 u1048576
[    0.000000] PV qspinlock hash table entries: 256 (order: 0, 4096 bytes)
[    0.000000] Built 1 onelits in Node order, mobility grouping o. otl pages: 257912
[    0.000000] Poliicy zone: DMA32
[    0.000000] Kernelcomand line:BO_IMAE=oot/vminz-.4.0-119-generic root=LABELcloudimg-rootfs ro cosol=tty1 conso=ttS0
[   0.0000] P hh table entries: 4096 (order: 3, 32768 bes
[    00000] Meor: 97192K/04120Kavailable(832K kenecoe, 31 rdaa,3996K rodata, 1508K int, 1316K ss50928K eserved 0 c-rseved)[  0.000] LUB: HWalign=64, Orer-3 MiObct=0, CPUs= Nde=1
[   0.000000] Kernel/User page tables isolation: enabled
[    0.000000] Hierarchical RCU implementation.
[    0.000000] 	Build-time adjustment of leaf fanout to 64.
[    0.000000] 	RCU restricting CPUs from NR_CPUS=512 to nr_cpu_ids=2.
[    0.000000] RCU: Adjusting geometry for rcu_fanout_leaf=64, nr_cpu_ids=2
[    0.000000] NR_IRQS:33024 nr_irqs:440 16
[    0.000000] Console: colour VGA+ 80x25
[    0.000000] console [tty1] enabled
[    0.000000] console [ttyS0] enabled
[    0.000000] tsc: Detected 2900.000 MHz processor
[   13.610741] Calibrating delay loop (skipped) preset value.. 5800.00 BogoMIPS (lpj=11600000)
[   13.675428] pid_max: default: 32768 minimum: 301
[   13.754086] ACPI: Core revision 20150930
[   13.813387] ACPI: 2 ACPI AML tables successfully acquired and loaded
[   13.868809] Security Framework initialized
[   13.880104] Yama: becoming mindful.
[   13.896819] AppArmor: AppArmor initialized
[   13.908546] Dentry cache hash table entries: 131072 (order: 8, 1048576 bytes)
[   13.950694] Inode-cache hash table entries: 65536 (order: 7, 524288 bytes)
[   14.071093] Mount-cache hash table entries: 2048 (order: 2, 16384 bytes)
[   14.145573] Mountpoint-cache hash table entries: 2048 (order: 2, 16384 bytes)
[   14.222630] Initializing cgroup subsys io
[   14.304131] Initializing cgroup subsys memory
[   14.363483] Initializing cgroup subsys devices
[   14.448198] Initializing cgroup subsys freezer
[   14.487233] Initializing cgroup subsys net_cls
[   14.573214] Initializing cgroup subsys perf_event
[   14.627075] Initializing cgroup subsys net_prio
[   14.705605] Initializing cgroup subsys hugetlb
[   14.755057] Initializing cgroup subsys pids
[   14.846891] CPU: Physical Processor ID: 0
[   14.916947] CPU: Processor Core ID: 0
[   14.984335] FEATURE SPEC_CTRL Not Present
[   15.028714] mce: CPU supports 0 MCE banks
[   15.110988] Last level iTLB entries: 4KB 64, 2MB 8, 4MB 8
[   15.216575] Last level dTLB entries: 4KB 64, 2MB 0, 4MB 0, 1GB 4
[   15.271012] Spectre V2 mitigation: Mitigation: Full generic retpoline
[   15.344855] Spectre V2 mitigation: Speculation control IBPB not-supported IBRS not-supported
[   15.478430] Freeing SMP alternatives memory: 32K
[   15.585388] ftrace: allocating 32195 entries in 126 pages
[   15.717371] smpboot: APIC(0) Converting physical 0 to logical package 0
[   15.836083] smpboot: Max logical packages: 1
[   15.931074] x2apic enabled
[   15.975550] Switched APIC routing to physical x2apic.
[   16.033062] ..TIMER: vector=0x30 apic1=0 pin1=2 apic2=-1 pin2=-1
[   16.190783] smpboot: CPU0: Intel(R) Core(TM) i5-5287U CPU @ 2.90GHz (family: 0x6, model: 0x3d, stepping: 0x4)
[   16.273730] Performance Events: unsupported p6 CPU model 61 no PMU driver, software events only.
[   16.428946] KVM setup paravirtual spinlock
[   16.477309] x86: Booting SMP configuration:
[   16.568459] .... node  #0, CPUs:      #1
[   16.645564] kvm-clock: cpu 1, msr 0:3ffe3041, secondary cpu clock
[   16.663696] mce: CPU supports 0 MCE banks
[   16.681945] x86: Booted up 1 node, 2 CPUs
[   16.724224] smpboot: Total of 2 processors activated (11600.00 BogoMIPS)
[   16.792414] devtmpfs: initialized
[   16.824956] evm: security.selinux
[   16.870628] evm: security.SMACK64
[   16.908595] evm: security.SMACK64EXEC
[   16.944220] evm: security.SMACK64TRANSMUTE
[   17.012381] evm: security.SMACK64MMAP
[   17.048939] evm: security.ima
[   17.088251] evm: security.capability
[   17.115346] clocksource: jiffies: mask: 0xffffffff max_cycles: 0xffffffff, max_idle_ns: 7645041785100000 ns
[   17.194014] futex hash table entries: 512 (order: 3, 32768 bytes)
[   17.241695] pinctrl core: initialized pinctrl subsystem
[   17.277453] RTC time: 13:08:02, date: 04/18/18
[   17.313394] NET: Registered protocol family 16
[   17.369074] cpuidle: using governor ladder
[   17.430298] cpuidle: using governor menu
[   17.458439] PCCT header not found.
[   17.506306] ACPI: bus type PCI registered
[   17.544232] acpiphp: ACPI Hot Plug PCI Controller Driver version: 0.5
[   17.625507] PCI: Using configuration type 1 for base access
[   17.640160] ACPI: Added _OSI(Module Device)
[   17.697297] ACPI: Added _OSI(Processor Device)
[   17.765306] ACPI: Added _OSI(3.0 _SCP Extensions)
[   17.827132] ACPI: Added _OSI(Processor Aggregator Device)
[   17.884995] ACPI: Executed 1 blocks of module-level executable AML code
[   17.971095] ACPI: Interpreter enabled
[   17.983657] ACPI: (supports S0 S5)
[   18.006887] ACPI: Using IOAPIC for interrupt routing
[   18.054044] PCI: Using host bridge windows from ACPI; if necessary, use "pci=nocrs" and report a bug
[   18.194018] ACPI: PCI Root Bridge [PCI0] (domain 0000 [bus 00-ff])
[   18.262369] acpi PNP0A03:00: _OSC: OS supports [ASPM ClockPM Segments MSI]
[   18.264482] acpi PNP0A03:00: _OSC: not requesting OS control; OS requires [ExtendedConfig ASPM ClockPM MSI]
[   18.285363] acpi PNP0A03:00: fail to add MMCONFIG information, can't access extended PCI configuration space under this bridge.
[   18.368024] PCI host bridge to bus 0000:00
[   18.393902] pci_bus 0000:00: root bus resource [io  0x0000-0x0cf7 window]
[   18.419472] pci_bus 0000:00: root bus resource [io  0x0d00-0xffff window]
[   18.477932] pci_bus 0000:00: root bus resource [mem 0x000a0000-0x000bffff window]
[   18.520261] pci_bus 0000:00: root bus resource [mem 0x40000000-0xfdffffff window]
[   18.640390] pci_bus 0000:00: root bus resource [bus 00-ff]
[   18.696568] pci 0000:00:01.1: legacy IDE quirk: reg 0x10: [io  0x01f0-0x01f7]
[   18.748737] pci 0000:00:01.1: legacy IDE quirk: reg 0x14: [io  0x03f6]
[   18.750738] pci 0000:00:01.1: legacy IDE quirk: reg 0x18: [io  0x0170-0x0177]
[   18.762867] pci 0000:00:01.1: legacy IDE quirk: reg 0x1c: [io  0x0376]
[   18.846019] pci 0000:00:07.0: quirk: [io  0x4000-0x403f] claimed by PIIX4 ACPI
[   18.902057] pci 0000:00:07.0: quirk: [io  0x4100-0x410f] claimed by PIIX4 SMB
[   18.933872] ACPI: PCI Interrupt Link [LNKA] (IRQs 5 9 10 *11)
[   18.948786] ACPI: PCI Interrupt Link [LNKB] (IRQs 5 9 *10 11)
[   18.962429] ACPI: PCI Interrupt Link [LNKC] (IRQs 5 *9 10 11)
[   18.968424] ACPI: PCI Interrupt Link [LNKD] (IRQs 5 9 10 *11)
[   18.978210] ACPI: Enabled 2 GPEs in block 00 to 07
[   18.999111] vgaarb: setting as boot device: PCI:0000:00:02.0
[   19.006664] vgaarb: device added: PCI:0000:00:02.0,decodes=io+mem,owns=io+mem,locks=none
[   19.034293] vgaarb: loaded
[   19.042331] vgaarb: bridge control possible 0000:00:02.0
[   19.087112] SCSI subsystem initialized
[   19.161166] ACPI: bus type USB registered
[   19.187032] usbcore: registered new interface driver usbfs
[   19.239044] usbcore: registered new interface driver hub
[   19.303036] usbcore: registered new device driver usb
[   19.351784] PCI: Using ACPI for IRQ routing
[   19.376694] NetLabel: Initializing
[   19.413687] NetLabel:  domain hash size = 128
[   19.426883] NetLabel:  protocols = UNLABELED CIPSOv4
[   19.465235] NetLabel:  unlabeled traffic allowed by default
[   19.504944] amd_nb: Cannot enumerate AMD northbridges
[   19.577938] clocksource: Switched to clocksource kvm-clock
[   9.564]pprmr:pprm Filesystem Enabled
[   20.051382] pnp: P PIint
[   20.235268] pnp: PnP ACPI: oun 3dece

[   20.430987] clocksource: acpi_pm: mask: 0xffffff max_cycles: 0xffffff, max_idle_ns: 2085701024 ns
[   20.485192] NET: Registered protocol family 2
[   20.486818] TCP established hash table entries: 8192 (order: 4, 65536 bytes)
[   20.515819] TCP bind hash table entries: 8192 (order: 5, 131072 bytes)
[   20.544754] TCP: Hash tables configured (established 8192 bind 8192)
[   20.566081] UDP hash table entries: 512 (order: 2, 16384 bytes)
[   20.589327] UDP-Lite hash table entries: 512 (order: 2, 16384 bytes)
[   20.624925] NET: Registered protocol family 1
[   20.635233] pci 0000:00:00.0: Limiting direct PCI/PCI transfers
[   20.715122] pci 0000:00:01.0: Activating ISA DMA hang workarounds
[   20.762500] Unpacking initramfs...
[   21.036074] Freeing initrd memory: 15332K
[   21.087524] RAPL PMU detected, API unit is 2^-32 Joules, 4 fixed counters 10737418240 ms ovfl timer
[   21.106934] hw unit of domain pp0-core 2^-0 Joules
[   21.126757] hw unit of domain package 2^-0 Joules
[   21.148153] hw unit of domain dram 2^-0 Joules
[   21.159112] hw unit of domain pp1-gpu 2^-0 Joules
[   21.169750] platform rtc_cmos: registered platform RTC device (no PNP device found)
[   21.191109] Scanning for low memory corruption every 60 seconds
[   21.203470] audit: initializing netlink subsys (disabled)
[   21.212911] audit: type=2000 audit(1524056874.146:1): initialized
[   21.257967] Initialise system trusted keyring
[   21.268500] HugeTLB registered 2 MB page size, pre-allocated 0 pages
[   21.2967 zbud: loaded

[   21.443969] VFS: Disk quoasdquo_66.00
[   21.563785] VFS: Dquot-cache hash table enties: 512 (order 0, 4096 bytes)
[   21.636732] squashfs: version 4.0 (2009/01/31) Phillip Lougher

[  2.64133 fseinit (API version 7.23)

[   21.946524] Key type big_key registered
[   22.008113] Allocating IMA MOK and blacklist keyrings.
[   22.107830] Key type asymmetric registered
[   22.115890] Asymmetric key parser 'x509' registered
[   22.158316] Block layer SCSI generic (bsg) driver version 0.4 loaded (major 249)
[   22.253445] tsc: Refined TSC clocksource calibration: 2899.440 MHz
[   22.274476] clocksource: tsc: mask: 0xffffffffffffffff max_cycles: 0x29cb3203696, max_idle_ns: 440795208295 ns
[   22.376226] io scheduler noop registered
[   22.386504] io scheduler deadline registered (default)
[   22.412129] io scheduler cfq registered
[   22.42043]pc_hotpug PCI Ht lug PCI Core version: 0.5
[  2.6450] pciehp: CI Exprss Hot Plug Cntroller Driver version: 0.4

[   2.20218]CPI: AC date [AC] (off-lne)

[   23.060082] input: Power Button as /devices/LNXSYSTM:00/LNXPWRBN:00/input/inpu0[   23.120024] ACP: Powe Btton[PWR][   23.327407] input: Sleep Button as /devices/LNXSYSTM:00/LNXSLPBN:00/input/input1
[   23.431753] ACPI: Sleep Button [SLPF]
[   23.451192] GHES: HEST is not enabled!
[   23.456030] ACPI: Battery Slot [BAT0] (battery present)
[   23.486991] Serial: 8250/16550 driver, 32 ports, IRQ sharing enabled
[   23.523377] 00:02: ttyS0 at I/O 0x3f8 (irq = 4, base_baud = 115200) is a 16550A
[   23.543114] Linux agpgart interface v0.103
[   23.563372] loop: module loaded
[   23.581320] scsi host0 aa_iix

[ 23.6978] scsi host1: ata_piix

[   23.815351] ata1: PATA max UDMA/33 cm 0f0ctl0x6 bmdma 0xd0 q 4

[   24.19739] ata2: PATA max UDMA/33 cmd 0x170ct0x76 bmdma 0xd008 irq 15

[   24.37514] bp: ixed MDIO Bus: probed
[  24.534220] tun: Universal T/TP evceriver, 1.6
[  24.738346] tun: (C) 199-24 x Krasnankyma@qlcm.om

[   25.243593] PPP generic driver version 2.4.2
[   25.264001] ehci_hcd: USB 2.0 'Enhanced' Host Controller (EHCI) Driver
[   25.320402] ehci-pci: EHCI PCI platform driver
[   25.362344] ehci-platform: EHCI generic platform driver
[   25.374431] ohci_hcd: USB 1.1 'Open' Host Controller (OHCI) Driver
[   25.426618] ohci-pci: OHCI PCI platform driver
[   25.493408] ohci-platform: OHCI generic platform driver
[   25.543132] uhci_hcd: USB Universal Host Controller Interface driver
[   25.554397] i8042: PNP: PS/2 Controller [PNP0303:PS2K,PNP0f03:PS2M] at 0x60,0x64 irq 1,12
[   25.644055] serio: i8042 KBD port at 0x60,0x64 irq 1
[   25.650157] serio: i8042 AUX port at 0x60,0x64 irq 12
[   25.703387] mousedev: PS/2 mouse device common for all mice
[   25.743760] rtc_cmos rtc_cmos: rtc core: registered rtc_cmos as rtc0
[   25.813751] rtc_cmos rtc_cmos: alarms up to one day, 114 bytes nvram
[   25.825261] input: AT Translated Set 2 keyboard as /devices/platform/i8042/serio0/input/input2
[   25.866066] i2c /dev entries driver
[   25.60] vice-pp: evnt: version 1..3
[   26.372673] device-mapper: ioctl: 4.34.0-ioctl (2015-10-28) initialised: dm-devel@redhat.com
[   26.444115] ledtrig-cpu: registered to indicate activity on CPUs
[   26.526455] NET: Registered protocol family 10
[   26.535821] NET: Registered protocol family 17
[   26.577062] Key type dns_resolver registered
[   26.599052] registered taskstats version 1
[   26.620426] Loading compiled-in X.509 certificates
[   26.641445] Loaded X.509 cert 'Build time autogenerated kernel key: f854e06633b5f496ced5b2e02c7b14f761b69302'
[   26.706809] zswap: loaded using pool lzo/zbud
[   26.724166] Key type trusted registered
[   26.737651] Key type encrypted registered
[   26.768840] AppArmor: AppArmor sha1 policy hashing enabled
[   26.787264] ima: No TPM chip found, activating TPM-bypass!
[   26.798090] evm: HMAC attrs: 0x1
[   26.802646]   Magic number: 14:781:129
[   26.806512] rtc_cmos rtc_cmos: setting system clock to 2018-04-18 13:08:12 UTC (1524056892)
[   26.827219] BIOS EDD facility v0.16 2004-Jun-25, 0 devices found
[   26.847268] EDD information not available.
[   26.868361] Freeing unused kernel memory: 1508K
[   26.906793] Write protecting the kernel read-only data: 14336k
[   26.946810] Freeing unused kernel memory: 1696K
[   26.990733] Freeing unused kernel memory: 100K
Loading, please [   27.029471] random: systemd-udevd: uninitialized urandom read (16 bytes read, 7 bits of entropy available)
wait...
starting version 229
[   27.030774] random: udevadm: uninitialized urandom read (16 bytes read, 7 bits of entropy available)
[   27.030830] random: udevadm: uninitialized urandom read (16 bytes read, 7 bits of entropy available)
[   27.041265] random: udevadm: uninitialized urandom read (16 bytes read, 7 bits of entropy available)
[   27.041309] random: udevadm: uninitialized urandom read (16 bytes read, 7 bits of entropy available)
[   27.041433] random: udevadm: uninitialized urandom read (16 bytes read, 7 bits of entropy available)
[   27.041474] random: udevadm: uninitialized urandom read (16 bytes read, 7 bits of entropy available)
[   27.041515] random: udevadm: uninitialized urandom read (16 bytes read, 7 bits of entropy available)
[   27.041555] random: udevadm: uninitialized urandom read (16 bytes read, 7 bits of entropy available)
[   27.041595] random: udevadm: uninitialized urandom read (16 bytes read, 7 bits of entropy available)
[   27.470342] Fusion MPT base driver 3.04.20
[   27.594377] Copyright (c) 1999-2008 LSI Corporation
[   27.607151] Fusion MPT SPI Host driver 3.04.20
[   27.618185] mptbase: ioc0: Initiating bringup
[   27.644318] e1000: Intel(R) PRO/1000 Network Driver - version 7.3.21-k8-NAPI
[   27.662556] e1000: Copyright (c) 1999-2006 Intel Corporation.
[   27.715909] AVX2 version of gcm_enc/dec engaged.
[   27.754103] AES CTR mode by8 optimization enabled
[   27.798842] ioc0: LSI53C1030 A0: Capabilities={Initiator}
[   27.907299] input: ImExPS/2 Generic Explorer Mouse as /devices/platform/i8042/serio1/input/input5
[   28.929330] scsi host2: ioc0: LSI53C1030 A0, FwRev=00000000h, Ports=1, MaxQ=256, IRQ=20
[   29.118607] scsi 2:0:0:0: Direct-Access     VBOX     HARDDISK         1.0  PQ: 0 ANSI: 5
[   29.252204] scsi target2:0:0: Beginning Domain Validation
[   29.325202] scsi target2:0:0: Domain Validation skipping write tests
[   29.386964] scsi target2:0:0: Ending Domain Validation
[   29.404947] scsi target2:0:0: asynchronous
[   29.425226] scsi 2:0:1:0: Direct-Access     VBOX     HARDDISK         1.0  PQ: 0 ANSI: 5
[   29.471069] scsi target2:0:1: Beginning Domain Validation
[   29.516224] scsi target2:0:1: Domain Validation skipping write tests
[   29.534758] scsi target2:0:1: Ending Domain Validation
[   29.536586] scsi target2:0:1: asynchronous
[   29.559004] sd 2:0:0:0: Attached scsi generic sg0 type 0
[   29.571622] sd 2:0:0:0: [sda] 20971520 512-byte logical blocks: (10.7 GB/10.0 GiB)
[   29.574913] sd 2:0:0:0: [sda] Write Protect is off
[   29.583241] sd 2:0:1:0: Attached scsi generic sg1 type 0
[   29.589039] sd 2:0:1:0: [sdb] 20480 512-byte logical blocks: (10.5 MB/10.0 MiB)
[   29.593286] sd 2:0:0:0: [sda] Incomplete mode parameter data
[   29.595314] sd 2:0:1:0: [sdb] Write Protect is off
[   29.599355] sd 2:0:0:0: [sda] Assuming drive cache: write through
[   29.601142] sd 2:0:1:0: [sdb] Incomplete mode parameter data
[   29.601144] sd 2:0:1:0: [sdb] Assuming drive cache: write through
[   29.614852]  sda: sda1
[   29.628535] sd 2:0:1:0: [sdb] Attached SCSI disk
[   29.636447] sd 2:0:0:0: [sda] Attached SCSI disk
[   29.748703] e1000 0000:00:03.0 eth0: (PCI:33MHz:32-bit) 02:17:54:81:c3:1e
[   29.843433] e1000 0000:00:03.0 eth0: Intel(R) PRO/1000 Network Connection
[   29.911590] e1000 0000:00:03.0 enp0s3: renamed from eth0
[   30.648104] floppy0: no floppy controllers found
Begin: Loading e[   32.186715] md: linear personality registered for level -1
ssential drivers ... [   32.255939] md: multipath personality registered for level -4
[   32.346782] md: raid0 personality registered for level 0
[   32.396436] md: raid1 personality registered for level 1
[   32.526512] raid6: sse2x1   gen()  9200 MB/s
[   32.626363] raid6: sse2x1   xor()  5706 MB/s
[   32.754792] raid6: sse2x2   gen()  7721 MB/s
[   32.846197] raid6: sse2x2   xor()  6600 MB/s
[   32.922023] raid6: sse2x4   gen() 12272 MB/s
[   33.026137] raid6: sse2x4   xor()  4162 MB/s
[   33.102349] raid6: avx2x1   gen() 12194 MB/s
[   33.202106] raid6: avx2x2   gen() 22058 MB/s
[   33.342248] raid6: avx2x4   gen() 24983 MB/s
[   33.398368] raid6: using algorithm avx2x4 gen() 24983 MB/s
[   33.416839] raid6: using avx2x2 recovery algorithm
[   33.464048] xor: automatically using best checksumming function:
[   33.542864]    avx       : 23746.000 MB/sec
[   33.593476] async_tx: api initialized (async)
[   33.626102] md: raid6 personality registered for level 6
[   33.684798] md: raid5 personality registered for level 5
[   33.740310] md: raid4 personality registered for level 4
[   33.747606] md: raid10 personality registered for level 10
done.
Begin: Running /scripts/init-p[   33.856898] Btrfs loaded
remount ... done.
Begin: Mounting root file system ... Begin: Running /scripts/local-top ... done.
Begin: Running /scripts/local-premount ... Scanning for Btrfs filesystems
done.
Warning: fsck no[   33.961261] EXT4-fs (sda1): mounted filesystem with ordered data mode. Opts: (null)
t present, so skipping root file system
done.
Begin: Running /scripts/local-bottom ... done.
Begin: Running /scripts/init-bottom ... done.
[   34.203349] systemd[1]: systemd 229 running in system mode. (+PAM +AUDIT +SELINUX +IMA +APPARMOR +SMACK +SYSVINIT +UTMP +LIBCRYPTSETUP +GCRYPT +GNUTLS +ACL +XZ -LZ4 +SECCOMP +BLKID +ELFUTILS +KMOD -IDN)
[   34.380937] systemd[1]: Detected virtualization oracle.
[   34.424734] systemd[1]: Detected architecture x86-64.

Welcome to [1mUbuntu 16.04.4 LTS[0m!

[   34.523883] systemd[1]: Set hostname to <ubuntu-xenial>.
[   34.889064] systemd[1]: Listening on Journal Socket.
[[0;32m  OK  [0m] Listening on Journal Socket.
[   34.939441] systemd[1]: Set up automount Arbitrary Executable File Formats File System Automount Point.
[[0;32m  OK  [0m] Set up automount Arbitrary Executab...ats File System Automount Point.
[   35.046646] systemd[1]: Reached target Swap.
[[0;32m  OK  [0m] Reached target Swap.
[   35.119937] systemd[1]: Created slice User and Session Slice.
[[0;32m  OK  [0m] Created slice User and Session Slice.
[   35.222573] systemd[1]: Listening on Syslog Socket.
[[0;32m  OK  [0m] Listening on Syslog Socket.
[   35.258829] systemd[1]: Listening on udev Kernel Socket.
[[0;32m  OK  [0m] Listening on udev Kernel Socket.
[   35.303094] systemd[1]: Listening on udev Control Socket.
[[0;32m  OK  [0m] Listening on udev Control Socket.
[   35.482990] systemd[1]: Listening on LVM2 metadata daemon socket.
[[0;32m  OK  [0m] Listening on LVM2 metadata daemon socket.
[   35.618812] systemd[1]: Reached target System Time Synchronized.
[[0;32m  OK  [0m] Reached target System Time Synchronized.
[   35.686781] systemd[1]: Started Trigger resolvconf update for networkd DNS.
[[0;32m  OK  [0m] Started Trigger resolvconf update for networkd DNS.
[   35.814409] systemd[1]: Reached target Encrypted Volumes.
[[0;32m  OK  [0m] Reached target Encrypted Volumes.
[   35.918498] systemd[1]: Listening on LVM2 poll daemon socket.
[[0;32m  OK  [0m] Listening on LVM2 poll daemon socket.
[   35.986617] systemd[1]: Listening on Journal Audit Socket.
[[0;32m  OK  [0m] Listening on Journal Audit Socket.
[   36.094667] systemd[1]: Listening on Device-mapper event daemon FIFOs.
[[0;32m  OK  [0m] Listening on Device-mapper event daemon FIFOs.
[   36.242718] systemd[1]: Reached target User and Group Name Lookups.
[[0;32m  OK  [0m] Reached target User and Group Name Lookups.
[   36.357274] systemd[1]: Listening on /dev/initctl Compatibility Named Pipe.
[[0;32m  OK  [0m] Listening on /dev/initctl Compatibility Named Pipe.
[   36.403220] systemd[1]: Created slice System Slice.
[[0;32m  OK  [0m] Created slice System Slice.
[   36.534717] systemd[1]: Mounting POSIX Message Queue File System...
[   36.535947] random: nonblocking pool is initialized
         Mounting POSIX Message Queue File System...
[   36.626700] systemd[1]: Reached target Slices.
[[0;32m  OK  [0m] Reached target Slices.
[   36.711924] systemd[1]: Created slice system-serial\x2dgetty.slice.
[[0;32m  OK  [0m] Created slice system-serial\x2dgetty.slice.
[   36.874568] systemd[1]: Mounting Huge Pages File System...
         Mounting Huge Pages File System...
[   36.982647] systemd[1]: Starting Remount Root and Kernel File Systems...
[   36.986520] EXT4-fs (sda1): re-mounted. Opts: (null)
         Starting Remount Root and Kernel File Systems...
[   37.198629] systemd[1]: Starting Set console keymap...
         Starting Set console keymap...
[   37.302608] systemd[1]: Starting Load Kernel Modules...
[   37.31494]oangSCI transrtlas .070

         Startin[   37.825489] iscsi: registered transport (tcp)
g Load Kernel Modules...
[   37.868743] iscsi: registered transport (iser)
[   37.874230] systemd[1]: Starting Monitoring of LVM2 mirrors, snapshots etc. using dmeventd or progress polling...
         Starting Monitoring of LVM2 mirrors... dmeventd or progress polling...
[   38.026715] systemd[1]: Starting Nameserver information manager...
         Starting Nameserver information manager...
[   38.130970] systemd[1]: Starting Create list of required static device nodes for the current kernel...
         Starting Create list of required st... nodes for the current kernel...
[   38.298817] systemd[1]: Mounting Debug File System...
         Mounting Debug File System...
[   38.398798] systemd[1]: Starting Uncomplicated firewall...
         Starting Uncomplicated firewall...
[   38.499105] systemd[1]: Started Forward Password Requests to Wall Directory Watch.
[[0;32m  OK  [0m] Started Forward Password Requests to Wall Directory Watch.
[   38.610626] systemd[1]: Listening on Journal Socket (/dev/log).
[[0;32m  OK  [0m] Listening on Journal Socket (/dev/log).
[   38.666261] systemd[1]: Starting Journal Service...
         Starting Journal Service...
[   38.722765] systemd[1]: Mounted Huge Pages File System.
[[0;32m  OK  [0m] Mounted Huge Pages File System.
[   38.843334] systemd[1]: Mounted Debug File System.
[[0;32m  OK  [0m] Mounted Debug File System.
[   38.950640] systemd[1]: Mounted POSIX Message Queue File System.
[[0;32m  OK  [0m] Mounted POSIX Message Queue File System.
[   39.050609] systemd[1]: Started Journal Service.
[[0;32m  OK  [0m] Started Journal Service.
[[0;32m  OK  [0m] Started Remount Root and Kernel File Systems.
[[0;32m  OK  [0m] Started Set console keymap.
[[0;32m  OK  [0m] Started Load Kernel Modules.
[[0;32m  OK  [0m] Started Create list of required sta...ce nodes for the current kernel.
[[0;32m  OK  [0m] Started Uncomplicated firewall.
[[0;32m  OK  [0m] Started Nameserver information manager.
[[0;32m  OK  [0m] Started LVM2 metadata daemon.
         Starting Create Static Device Nodes in /dev...
         Mounting FUSE Control File System...
         Starting Apply Kernel Variables...
         Starting udev Coldplug all Devices...
         Starting Load/Save Random Seed...
         Starting Initial cloud-init job (pre-networking)...
         Starting Flush Journal to Persistent Storage...
[[0;32m  OK  [0m] Mounted FUSE Control File System.
[[0;32m  OK  [0m] Started Create Static Device Nodes in /dev.
[[0;32m  OK  [0m] Started Apply Kernel Variables.
[[0;32m  OK  [0m] Started Load/Save Random Seed.
[[0;32m  OK  [0m] Started udev Coldplug all Devices.
[[0;32m  OK  [0m] Started Flush Journal to Persistent Storage.
[[0;32m  OK  [0m] Started Monitoring of LVM2 mirrors,...ng dmeventd or progress polling.
         Starting udev Kernel Device Manager...
[[0;32m  OK  [0m] Started udev Kernel Device Manager.
[[0;32m  OK  [0m] Reached target Local File Systems (Pre).
[[0;32m  OK  [0m] Reached target Local File Systems.
         Starting Tell Plymouth To Write Out Runtime Data...
         Starting Set console font and keymap...
         Starting LSB: AppArmor initialization...
         Starting Create Volatile Files and Directories...
[[0;32m  OK  [0m] Started Dispatch Password Requests to Console Directory Watch.
[[0;32m  OK  [0m] Started Tell Plymouth To Write Out Runtime Data.
[[0;32m  OK  [0m] Started Create Volatile Files and Directories.
[[0;32m  OK  [0m] Found device /dev/ttyS0.
[   22.045776] cloud-init[464]: Cloud-init v. 17.2 running 'init-local' at Wed, 18 Apr 2018 13:08:26 +0000. Up 21.54 seconds.
[[0;32m  OK  [0m] Started LSB: AppArmor initialization.
[[0;32m  OK  [0m] Started Set console font and keymap.
[[0;32m  OK  [0m] Started Initial cloud-init job (pre-networking).
[[0;32m  OK  [0m] Listening on Load/Save RF Kill Switch Status /dev/rfkill Watch.
[[0;32m  OK  [0m] Reached target Network (Pre).
[[0;32m  OK  [0m] Created slice system-getty.slice.
         Starting Raise network interfaces...
[[0;32m  OK  [0m] Started ifup for enp0s3.
         Starting Update UTMP about System Boot/Shutdown...
[[0;32m  OK  [0m] Started Update UTMP about System Boot/Shutdown.
[[0;32m  OK  [0m] Started Raise network interfaces.
         Starting Initial cloud-init job (metadata service crawler)...
[[0;32m  OK  [0m] Reached target Network.
[   25.685897] cloud-init[965]: Cloud-init v. 17.2 running 'init' at Wed, 18 Apr 2018 13:08:29 +0000. Up 25.07 seconds.
[   25.693286] cloud-init[965]: ci-info: +++++++++++++++++++++++++++++++++++++Net device info++++++++++++++++++++++++++++++++++++++
[   25.744848] cloud-init[965]: ci-info: +--------+------+----------------------------+---------------+-------+-------------------+
[[0;32m  OK  [0m] Started Initial cloud-init job (metadata service crawler).
[[0;32m  OK  [0m[   25.829831] ] cloud-initReached target Network is Online.[965]: 
ci-info: | Device |  Up  |          Address           |      Mask     | Scope |     Hw-Address    |
[   25.897102] cloud-init[965]: ci-info: +--------+------+----------------------------+---------------+-------+-------------------+
[   26.132585] cloud-init[965]: ci-info: | enp0s3 | True |         10.0.2.15          | 255.255.255.0 |   .   | 02:17:54:81:c3:1e |
[   26.133142] cloud-init[965]: ci-info: | enp0s3 | True | fe80::17:54ff:fe81:c31e/64 |       .       |  link | 02:17:54:81:c3:1e |
         Starting iSCSI initiator daemon (iscsid)...
[   26.133578] cloud-init[965]: ci-info: |   lo   | True |         127.0.0.1          |   255.0.0.0   |   .   |         .         |
[[0;32m  OK  [0m] Reached target System Initialization.
[   26.282174] cloud-init[965]: ci-info: |   lo   | True |          ::1/128           |       .       |  host |         .         |
[   26.461755] cloud-init[965]: ci-info: +--------+------+----------------------------+---------------+-------+-------------------+
         Starting LXD - unix socket.
[   26.462622] cloud-init[965]: ci-info: +++++++++++++++++++++++++++Route IPv4 info++++++++++++++++++++++++++++
[   26.584965] cloud-init[965]: ci-info: +-------+-------------+----------+---------------+-----------+-------+
[   26.585302] cloud-init[965]: ci-info: | Route | Destination | Gateway  |    Genmask    | Interface | Flags |
[[0;32m  OK  [0m] Started Daily Cleanup of Temporary Directories.
[   26.585755] cloud-init[965]: ci-info: +-------+-------------+----------+---------------+-----------+-------+
         [   26.765887] Starting Socket activation for snappy daemon.cloud-init
[965]: ci-info: |   0   |   0.0.0.0   | 10.0.2.2 |    0.0.0.0    |   enp0s3  |   UG  |
[   26.784790] cloud-init[965]: ci-info: |   1   |   10.0.2.0  | 0.0.0.0  | 255.255.255.0 |   enp0s3  |   U   |
[   26.785556] cloud-init[965]: ci-info: +-------+-------------+----------+---------------+-----------+-------+
[[0;32m  OK  [0m] Started Daily apt download activities.
[[0;32m  OK  [0m] Started Daily apt upgrade and clean activities.
[[0;32m  OK  [0m] Listening on UUID daemon activation socket.
[[0;32m  OK  [0m] Listening on ACPID Listen Socket.
[[0;32m  OK  [0m] Started ACPI Events Check.
[[0;32m  OK  [0m] Reached target Paths.
[[0;32m  OK  [0m] Started Timer to automatically refresh installed snaps.
[[0;32m  OK  [0m] Reached target Timers.
[[0;32m  OK  [0m] Listening on D-Bus System Message Bus Socket.
[[0;32m  OK  [0m] Reached target Cloud-config availability.
[[0;32m  OK  [0m] Listening on LXD - unix socket.
[[0;32m  OK  [0m] Listening on Socket activation for snappy daemon.
[[0;32m  OK  [0m] Started iSCSI initiator daemon (iscsid).
         Starting Login to default iSCSI targets...
[[0;32m  OK  [0m] Reached target Sockets.
[[0;32m  OK  [0m] Reached target Basic System.
[[0;32m  OK  [0m] Started Regular background program processing daemon.
         Starting LSB: MD monitoring daemon...
         Starting Snappy daemon...
[[0;32m  OK  [0m] Started FUSE filesystem for LXC.
         Starting Accounts Service...
[[0;32m  OK  [0m] Started Unattended Upgrades Shutdown.
         Starting /etc/rc.local Compatibility...
         Starting System Logging Service...
         Starting Virtualbox guest utils...
[[0;32m  OK  [0m] Started Deferred execution scheduler.
         Starting Login Service...
         Starting OpenBSD Secure Shell server...
[[0;32m  OK  [0m] Started ACPI event daemon.
         Starting Apply the settings specified in cloud-config...
         Starting LSB: Record successful boot for GRUB...
[[0;32m  OK  [0m] Started D-Bus System Message Bus.
         Starting LXD - container startup/shutdown...
[[0;32m  OK  [0m] Started System Logging Service.
[[0;32m  OK  [0m] Started Snappy daemon.
[[0;32m  OK  [0m] Started OpenBSD Secure Shell server.
[[0;32m  OK  [0m] Started /etc/rc.local Compatibility.
[[0;32m  OK  [0m] Started LSB: MD monitoring daemon.
[[0;32m  OK  [0m] Started Login to default iSCSI targets.
[[0;32m  OK  [0m] Started LXD - container startup/shutdown.
[[0;32m  OK  [0m] Started Login Service.
[[0;32m  OK  [0m] Started LSB: Record successful boot for GRUB.
         Starting Authenticate and Authorize Users to Run Privileged Tasks...
[[0;32m  OK  [0m] Reached target Remote File Systems (Pre).
[[0;32m  OK  [0m] Reached target Remote File Systems.
         Starting LSB: daemon to balance interrupts for SMP systems...
         Starting LSB: automatic crash report generation...
         Starting Permit User Sessions...
         Starting LSB: Set the CPU Frequency Scaling governor to "ondemand"...
[[0;32m  OK  [0m] Started Virtualbox guest utils.
[[0;32m  OK  [0m] Started Permit User Sessions.
[[0;32m  OK  [0m] Started Authenticate and Authorize Users to Run Privileged Tasks.
[[0;32m  OK  [0m] Started Accounts Service.
         Starting Hold until boot process finishes up...
         Starting Terminate Plymouth Boot Screen...
[[0;32m  OK  [0m] Started LSB: daemon to balance interrupts for SMP systems.
[   28.553665] cloud-init[1070]: Cloud-init v. 17.2 running 'modules:config' at Wed, 18 Apr 2018 13:08:33 +0000. Up 28.44 seconds.
[[0;32m  OK  [0m] Started LSB: automatic crash report generation.
[[0;32m  OK  [0m] Started Apply the settings specified in cloud-config.
[[0;32m  OK  [0m] Started LSB: Set the CPU Frequency Scaling governor to "ondemand".
[[0;32m  OK  [0m] Started Hold until boot process finishes up.
[[0;32m  OK  [0m] Started Terminate Plymouth Boot Screen.
[[0;32m  OK  [0m] Created slice User Slice of vagrant.
         Starting User Manager for UID 1000...
[[0;32m  OK  [0m] Started Session 1 of user vagrant.
         Starting Set console scheme...
[[0;32m  OK  [0m] Started Getty on tty1.
[[0;32m  OK  [0m] Started Serial Getty on ttyS0.
[[0;32m  OK  [0m] Reached target Login Prompts.
[[0;32m  OK  [0m] Reached target Multi-User System.
         Starting Execute cloud user/final scripts...
[[0;32m  OK  [0m] Reached target Graphical Interface.
         Starting Update UTMP about System Runlevel Changes...
[[0;32m  OK  [0m] Started User Manager for UID 1000.
[[0;32m  OK  [0m] Started Set console scheme.
[[0;32m  OK  [0m] Started Update UTMP about System Runlevel Changes.
[   29.725582] cloud-init[1200]: Cloud-init v. 17.2 running 'modules:final' at Wed, 18 Apr 2018 13:08:34 +0000. Up 29.59 seconds.
[   29.845010] cloud-init[1200]: Cloud-init v. 17.2 finished at Wed, 18 Apr 2018 13:08:34 +0000. Datasource DataSourceNoCloud [seed=/dev/sdb][dsmode=net].  Up 29.71 seconds
[[0;32m  OK  [0m] Started Execute cloud user/final scripts.
[[0;32m  OK  [0m] Reached target Cloud-init target.

Ubuntu 16.04.4 LTS ubuntu-xenial ttyS0

ubuntu-xenial login: 